SF:/home/strandgate/Development/ecoPrimals/phase2/sweetGrass/crates/sweet-grass-compression/src/analyzer.rs
FN:182,_RNvMNtCsbY6LdEOIC22_23sweet_grass_compression8analyzerNtB2_15SessionAnalyzer14plan_hierarchy
FN:112,_RNvMNtCsbY6LdEOIC22_23sweet_grass_compression8analyzerNtB2_15SessionAnalyzer15select_strategy
FN:202,_RNvMNtCsbY6LdEOIC22_23sweet_grass_compression8analyzerNtB2_15SessionAnalyzer17identify_branches
FN:166,_RNvMNtCsbY6LdEOIC22_23sweet_grass_compression8analyzerNtB2_15SessionAnalyzer17measure_coherence
FN:63,_RNvMNtCsbY6LdEOIC22_23sweet_grass_compression8analyzerNtB2_15SessionAnalyzer3new
FN:68,_RNvMNtCsbY6LdEOIC22_23sweet_grass_compression8analyzerNtB2_15SessionAnalyzer7analyze
FN:218,_RNvXs_NtCsbY6LdEOIC22_23sweet_grass_compression8analyzerNtB4_15SessionAnalyzerNtNtCs9sjCchOt1K7_4core7default7Default7default
FN:229,_RNvNtNtCslQATw0AokWy_23sweet_grass_compression8analyzer5tests11make_vertex
FN:340,_RNvNtNtCslQATw0AokWy_23sweet_grass_compression8analyzer5testss_19test_ephemeral_hint
FN:327,_RNvNtNtCslQATw0AokWy_23sweet_grass_compression8analyzer5testss_20test_single_strategy
FN:356,_RNvNtNtCslQATw0AokWy_23sweet_grass_compression8analyzer5testss_22test_identify_branches
FN:259,_RNvNtNtCslQATw0AokWy_23sweet_grass_compression8analyzer5testss_23test_branching_analysis
FN:298,_RNvNtNtCslQATw0AokWy_23sweet_grass_compression8analyzer5testss_27test_discard_strategy_empty
FN:234,_RNvNtNtCslQATw0AokWy_23sweet_grass_compression8analyzer5testss_27test_empty_session_analysis
FN:245,_RNvNtNtCslQATw0AokWy_23sweet_grass_compression8analyzer5testss_27test_single_vertex_analysis
FN:282,_RNvNtNtCslQATw0AokWy_23sweet_grass_compression8analyzer5testss_30test_discard_strategy_rollback
FN:312,_RNvNtNtCslQATw0AokWy_23sweet_grass_compression8analyzer5testss_33test_discard_strategy_exploratory
FN:182,_RNvMNtCslQATw0AokWy_23sweet_grass_compression8analyzerNtB2_15SessionAnalyzer14plan_hierarchy
FN:112,_RNvMNtCslQATw0AokWy_23sweet_grass_compression8analyzerNtB2_15SessionAnalyzer15select_strategy
FN:202,_RNvMNtCslQATw0AokWy_23sweet_grass_compression8analyzerNtB2_15SessionAnalyzer17identify_branches
FN:166,_RNvMNtCslQATw0AokWy_23sweet_grass_compression8analyzerNtB2_15SessionAnalyzer17measure_coherence
FN:63,_RNvMNtCslQATw0AokWy_23sweet_grass_compression8analyzerNtB2_15SessionAnalyzer3new
FN:68,_RNvMNtCslQATw0AokWy_23sweet_grass_compression8analyzerNtB2_15SessionAnalyzer7analyze
FN:218,_RNvXs_NtCslQATw0AokWy_23sweet_grass_compression8analyzerNtB4_15SessionAnalyzerNtNtCs9sjCchOt1K7_4core7default7Default7default
FNDA:0,_RNvMNtCsbY6LdEOIC22_23sweet_grass_compression8analyzerNtB2_15SessionAnalyzer14plan_hierarchy
FNDA:9,_RNvMNtCsbY6LdEOIC22_23sweet_grass_compression8analyzerNtB2_15SessionAnalyzer15select_strategy
FNDA:0,_RNvMNtCsbY6LdEOIC22_23sweet_grass_compression8analyzerNtB2_15SessionAnalyzer17identify_branches
FNDA:9,_RNvMNtCsbY6LdEOIC22_23sweet_grass_compression8analyzerNtB2_15SessionAnalyzer17measure_coherence
FNDA:80,_RNvMNtCsbY6LdEOIC22_23sweet_grass_compression8analyzerNtB2_15SessionAnalyzer3new
FNDA:9,_RNvMNtCsbY6LdEOIC22_23sweet_grass_compression8analyzerNtB2_15SessionAnalyzer7analyze
FNDA:0,_RNvXs_NtCsbY6LdEOIC22_23sweet_grass_compression8analyzerNtB4_15SessionAnalyzerNtNtCs9sjCchOt1K7_4core7default7Default7default
FNDA:12,_RNvNtNtCslQATw0AokWy_23sweet_grass_compression8analyzer5tests11make_vertex
FNDA:1,_RNvNtNtCslQATw0AokWy_23sweet_grass_compression8analyzer5testss_19test_ephemeral_hint
FNDA:1,_RNvNtNtCslQATw0AokWy_23sweet_grass_compression8analyzer5testss_20test_single_strategy
FNDA:1,_RNvNtNtCslQATw0AokWy_23sweet_grass_compression8analyzer5testss_22test_identify_branches
FNDA:1,_RNvNtNtCslQATw0AokWy_23sweet_grass_compression8analyzer5testss_23test_branching_analysis
FNDA:1,_RNvNtNtCslQATw0AokWy_23sweet_grass_compression8analyzer5testss_27test_discard_strategy_empty
FNDA:1,_RNvNtNtCslQATw0AokWy_23sweet_grass_compression8analyzer5testss_27test_empty_session_analysis
FNDA:1,_RNvNtNtCslQATw0AokWy_23sweet_grass_compression8analyzer5testss_27test_single_vertex_analysis
FNDA:1,_RNvNtNtCslQATw0AokWy_23sweet_grass_compression8analyzer5testss_30test_discard_strategy_rollback
FNDA:1,_RNvNtNtCslQATw0AokWy_23sweet_grass_compression8analyzer5testss_33test_discard_strategy_exploratory
FNDA:0,_RNvMNtCslQATw0AokWy_23sweet_grass_compression8analyzerNtB2_15SessionAnalyzer14plan_hierarchy
FNDA:14,_RNvMNtCslQATw0AokWy_23sweet_grass_compression8analyzerNtB2_15SessionAnalyzer15select_strategy
FNDA:1,_RNvMNtCslQATw0AokWy_23sweet_grass_compression8analyzerNtB2_15SessionAnalyzer17identify_branches
FNDA:17,_RNvMNtCslQATw0AokWy_23sweet_grass_compression8analyzerNtB2_15SessionAnalyzer17measure_coherence
FNDA:22,_RNvMNtCslQATw0AokWy_23sweet_grass_compression8analyzerNtB2_15SessionAnalyzer3new
FNDA:17,_RNvMNtCslQATw0AokWy_23sweet_grass_compression8analyzerNtB2_15SessionAnalyzer7analyze
FNDA:9,_RNvXs_NtCslQATw0AokWy_23sweet_grass_compression8analyzerNtB4_15SessionAnalyzerNtNtCs9sjCchOt1K7_4core7default7Default7default
FNF:17
FNH:16
DA:63,102
DA:64,102
DA:65,102
DA:68,26
DA:69,26
DA:70,26
DA:71,26
DA:74,26
DA:75,24
DA:79,2
DA:84,26
DA:85,26
DA:86,26
DA:87,26
DA:88,60
DA:89,34
DA:90,34
DA:91,34
DA:92,34
DA:94,26
DA:95,26
DA:96,26
DA:97,26
DA:98,26
DA:99,26
DA:100,26
DA:101,26
DA:102,26
DA:103,26
DA:104,26
DA:105,26
DA:106,26
DA:107,26
DA:108,26
DA:112,23
DA:113,23
DA:114,23
DA:115,23
DA:117,1
DA:120,0
DA:121,0
DA:122,0
DA:124,22
DA:126,0
DA:129,22
DA:130,4
DA:131,18
DA:132,18
DA:133,18
DA:134,5
DA:135,13
DA:136,13
DA:137,13
DA:138,2
DA:139,11
DA:140,11
DA:141,11
DA:142,11
DA:143,10
DA:144,10
DA:146,10
DA:147,1
DA:148,1
DA:149,1
DA:150,1
DA:152,0
DA:153,1
DA:154,1
DA:155,1
DA:156,1
DA:157,0
DA:158,0
DA:159,1
DA:160,1
DA:161,1
DA:162,1
DA:163,23
DA:166,26
DA:167,26
DA:168,26
DA:169,26
DA:170,24
DA:171,2
DA:172,2
DA:173,2
DA:174,2
DA:175,2
DA:176,2
DA:177,2
DA:178,2
DA:179,26
DA:182,0
DA:183,0
DA:184,0
DA:185,0
DA:186,0
DA:187,0
DA:188,0
DA:189,0
DA:190,0
DA:191,0
DA:192,0
DA:193,0
DA:194,0
DA:195,0
DA:197,0
DA:198,0
DA:202,1
DA:203,1
DA:204,1
DA:207,2
DA:208,2
DA:209,2
DA:210,2
DA:211,2
DA:213,1
DA:214,1
DA:218,9
DA:219,9
DA:220,9
DA:229,12
DA:230,12
DA:231,12
DA:234,1
DA:235,1
DA:236,1
DA:237,1
DA:238,1
DA:239,1
DA:240,1
DA:241,1
DA:242,1
DA:245,1
DA:246,1
DA:247,1
DA:248,1
DA:249,1
DA:250,1
DA:251,1
DA:252,1
DA:253,1
DA:254,1
DA:255,1
DA:256,1
DA:259,1
DA:260,1
DA:261,1
DA:262,1
DA:263,1
DA:264,1
DA:265,1
DA:266,1
DA:267,1
DA:268,1
DA:269,1
DA:270,1
DA:271,1
DA:272,1
DA:273,1
DA:274,1
DA:275,1
DA:276,1
DA:277,1
DA:278,1
DA:279,1
DA:282,1
DA:283,1
DA:284,1
DA:285,1
DA:286,1
DA:287,1
DA:288,1
DA:289,1
DA:291,0
DA:292,1
DA:295,1
DA:298,1
DA:299,1
DA:300,1
DA:301,1
DA:302,1
DA:303,1
DA:305,0
DA:306,1
DA:309,1
DA:312,1
DA:313,1
DA:314,1
DA:315,1
DA:316,1
DA:317,1
DA:318,1
DA:320,0
DA:321,1
DA:324,1
DA:327,1
DA:328,1
DA:329,1
DA:330,1
DA:331,1
DA:332,1
DA:333,1
DA:334,1
DA:336,1
DA:337,1
DA:340,1
DA:341,1
DA:342,1
DA:343,1
DA:344,1
DA:345,1
DA:346,1
DA:347,1
DA:349,0
DA:350,1
DA:353,1
DA:356,1
DA:357,1
DA:358,1
DA:359,1
DA:360,1
DA:361,1
DA:362,1
DA:363,1
DA:364,1
DA:365,1
DA:366,1
DA:367,1
DA:368,1
DA:369,1
DA:370,1
DA:371,1
DA:372,1
DA:373,1
DA:374,1
BRF:0
BRH:0
LF:235
LH:208
end_of_record
SF:/home/strandgate/Development/ecoPrimals/phase2/sweetGrass/crates/sweet-grass-compression/src/engine.rs
FN:71,_RNvMNtCsbY6LdEOIC22_23sweet_grass_compression6engineNtB2_17CompressionResult10has_braids
FN:77,_RNvMNtCsbY6LdEOIC22_23sweet_grass_compression6engineNtB2_17CompressionResult14discard_reason
FN:61,_RNvMNtCsbY6LdEOIC22_23sweet_grass_compression6engineNtB2_17CompressionResult5count
FN:45,_RNvMNtCsbY6LdEOIC22_23sweet_grass_compression6engineNtB2_17CompressionResult6braids
FN:129,_RNvMs_NtCsbY6LdEOIC22_23sweet_grass_compression6engineNtB4_17CompressionEngine11with_config
FN:184,_RNvMs_NtCsbY6LdEOIC22_23sweet_grass_compression6engineNtB4_17CompressionEngine15compress_single
FN:268,_RNvMs_NtCsbY6LdEOIC22_23sweet_grass_compression6engineNtB4_17CompressionEngine17create_meta_braid
FN:100,_RNvMs_NtCsbY6LdEOIC22_23sweet_grass_compression6engineNtB4_17CompressionEngine3new
FN:278,_RNvMs_NtCsbY6LdEOIC22_23sweet_grass_compression6engineNtB4_17CompressionEngine6config
FN:136,_RNvMs_NtCsbY6LdEOIC22_23sweet_grass_compression6engineNtB4_17CompressionEngine8compress
FN:122,_RINvMs_NtCsbY6LdEOIC22_23sweet_grass_compression6engineNtB5_17CompressionEngine11with_sourcepEB7_
FN:189,_RNCNvMs_NtCsbY6LdEOIC22_23sweet_grass_compression6engineNtB6_17CompressionEngine15compress_single0B8_
FN:221,_RNCNvMs_NtCsbY6LdEOIC22_23sweet_grass_compression6engineNtB6_17CompressionEngine15compress_singles_0B8_
FN:269,_RNCNvMs_NtCsbY6LdEOIC22_23sweet_grass_compression6engineNtB6_17CompressionEngine17create_meta_braid0B8_
FN:122,_RINvMs_NtCslQATw0AokWy_23sweet_grass_compression6engineNtB5_17CompressionEngine11with_sourcepEB7_
FN:294,_RNvNtNtCslQATw0AokWy_23sweet_grass_compression6engine5tests11make_vertex
FN:290,_RNvNtNtCslQATw0AokWy_23sweet_grass_compression6engine5tests12make_factory
FN:414,_RNvNtNtCslQATw0AokWy_23sweet_grass_compression6engine5testss_16test_with_config
FN:527,_RNvNtNtCslQATw0AokWy_23sweet_grass_compression6engine5testss_17test_deep_session
FN:346,_RNvNtNtCslQATw0AokWy_23sweet_grass_compression6engine5testss_17test_single_braid
FN:315,_RNvNtNtCslQATw0AokWy_23sweet_grass_compression6engine5testss_23test_rollback_discarded
FN:369,_RNvNtNtCslQATw0AokWy_23sweet_grass_compression6engine5testss_25test_compression_metadata
FN:331,_RNvNtNtCslQATw0AokWy_23sweet_grass_compression6engine5testss_26test_exploratory_discarded
FN:428,_RNvNtNtCslQATw0AokWy_23sweet_grass_compression6engine5testss_27test_multiple_result_braids
FN:401,_RNvNtNtCslQATw0AokWy_23sweet_grass_compression6engine5testss_27test_result_braids_accessor
FN:300,_RNvNtNtCslQATw0AokWy_23sweet_grass_compression6engine5testss_28test_empty_session_discarded
FN:548,_RNvNtNtCslQATw0AokWy_23sweet_grass_compression6engine5testss_31test_session_with_compute_units
FN:466,_RNvNtNtCslQATw0AokWy_23sweet_grass_compression6engine5testss_36test_multiple_result_without_summary
FN:486,_RNvNtNtCslQATw0AokWy_23sweet_grass_compression6engine5testss_40test_branching_session_produces_multiple
FN:71,_RNvMNtCslQATw0AokWy_23sweet_grass_compression6engineNtB2_17CompressionResult10has_braids
FN:77,_RNvMNtCslQATw0AokWy_23sweet_grass_compression6engineNtB2_17CompressionResult14discard_reason
FN:61,_RNvMNtCslQATw0AokWy_23sweet_grass_compression6engineNtB2_17CompressionResult5count
FN:45,_RNvMNtCslQATw0AokWy_23sweet_grass_compression6engineNtB2_17CompressionResult6braids
FN:129,_RNvMs_NtCslQATw0AokWy_23sweet_grass_compression6engineNtB4_17CompressionEngine11with_config
FN:184,_RNvMs_NtCslQATw0AokWy_23sweet_grass_compression6engineNtB4_17CompressionEngine15compress_single
FN:268,_RNvMs_NtCslQATw0AokWy_23sweet_grass_compression6engineNtB4_17CompressionEngine17create_meta_braid
FN:100,_RNvMs_NtCslQATw0AokWy_23sweet_grass_compression6engineNtB4_17CompressionEngine3new
FN:278,_RNvMs_NtCslQATw0AokWy_23sweet_grass_compression6engineNtB4_17CompressionEngine6config
FN:136,_RNvMs_NtCslQATw0AokWy_23sweet_grass_compression6engineNtB4_17CompressionEngine8compress
FN:189,_RNCNvMs_NtCslQATw0AokWy_23sweet_grass_compression6engineNtB6_17CompressionEngine15compress_single0B8_
FN:221,_RNCNvMs_NtCslQATw0AokWy_23sweet_grass_compression6engineNtB6_17CompressionEngine15compress_singles_0B8_
FN:269,_RNCNvMs_NtCslQATw0AokWy_23sweet_grass_compression6engineNtB6_17CompressionEngine17create_meta_braid0B8_
FNDA:4,_RNvMNtCsbY6LdEOIC22_23sweet_grass_compression6engineNtB2_17CompressionResult10has_braids
FNDA:0,_RNvMNtCsbY6LdEOIC22_23sweet_grass_compression6engineNtB2_17CompressionResult14discard_reason
FNDA:2,_RNvMNtCsbY6LdEOIC22_23sweet_grass_compression6engineNtB2_17CompressionResult5count
FNDA:6,_RNvMNtCsbY6LdEOIC22_23sweet_grass_compression6engineNtB2_17CompressionResult6braids
FNDA:0,_RNvMs_NtCsbY6LdEOIC22_23sweet_grass_compression6engineNtB4_17CompressionEngine11with_config
FNDA:4,_RNvMs_NtCsbY6LdEOIC22_23sweet_grass_compression6engineNtB4_17CompressionEngine15compress_single
FNDA:0,_RNvMs_NtCsbY6LdEOIC22_23sweet_grass_compression6engineNtB4_17CompressionEngine17create_meta_braid
FNDA:80,_RNvMs_NtCsbY6LdEOIC22_23sweet_grass_compression6engineNtB4_17CompressionEngine3new
FNDA:0,_RNvMs_NtCsbY6LdEOIC22_23sweet_grass_compression6engineNtB4_17CompressionEngine6config
FNDA:9,_RNvMs_NtCsbY6LdEOIC22_23sweet_grass_compression6engineNtB4_17CompressionEngine8compress
FNDA:0,_RINvMs_NtCsbY6LdEOIC22_23sweet_grass_compression6engineNtB5_17CompressionEngine11with_sourcepEB7_
FNDA:0,_RNCNvMs_NtCsbY6LdEOIC22_23sweet_grass_compression6engineNtB6_17CompressionEngine15compress_single0B8_
FNDA:4,_RNCNvMs_NtCsbY6LdEOIC22_23sweet_grass_compression6engineNtB6_17CompressionEngine15compress_singles_0B8_
FNDA:0,_RNCNvMs_NtCsbY6LdEOIC22_23sweet_grass_compression6engineNtB6_17CompressionEngine17create_meta_braid0B8_
FNDA:0,_RINvMs_NtCslQATw0AokWy_23sweet_grass_compression6engineNtB5_17CompressionEngine11with_sourcepEB7_
FNDA:17,_RNvNtNtCslQATw0AokWy_23sweet_grass_compression6engine5tests11make_vertex
FNDA:10,_RNvNtNtCslQATw0AokWy_23sweet_grass_compression6engine5tests12make_factory
FNDA:1,_RNvNtNtCslQATw0AokWy_23sweet_grass_compression6engine5testss_16test_with_config
FNDA:1,_RNvNtNtCslQATw0AokWy_23sweet_grass_compression6engine5testss_17test_deep_session
FNDA:1,_RNvNtNtCslQATw0AokWy_23sweet_grass_compression6engine5testss_17test_single_braid
FNDA:1,_RNvNtNtCslQATw0AokWy_23sweet_grass_compression6engine5testss_23test_rollback_discarded
FNDA:1,_RNvNtNtCslQATw0AokWy_23sweet_grass_compression6engine5testss_25test_compression_metadata
FNDA:1,_RNvNtNtCslQATw0AokWy_23sweet_grass_compression6engine5testss_26test_exploratory_discarded
FNDA:1,_RNvNtNtCslQATw0AokWy_23sweet_grass_compression6engine5testss_27test_multiple_result_braids
FNDA:1,_RNvNtNtCslQATw0AokWy_23sweet_grass_compression6engine5testss_27test_result_braids_accessor
FNDA:1,_RNvNtNtCslQATw0AokWy_23sweet_grass_compression6engine5testss_28test_empty_session_discarded
FNDA:1,_RNvNtNtCslQATw0AokWy_23sweet_grass_compression6engine5testss_31test_session_with_compute_units
FNDA:1,_RNvNtNtCslQATw0AokWy_23sweet_grass_compression6engine5testss_36test_multiple_result_without_summary
FNDA:1,_RNvNtNtCslQATw0AokWy_23sweet_grass_compression6engine5testss_40test_branching_session_produces_multiple
FNDA:8,_RNvMNtCslQATw0AokWy_23sweet_grass_compression6engineNtB2_17CompressionResult10has_braids
FNDA:4,_RNvMNtCslQATw0AokWy_23sweet_grass_compression6engineNtB2_17CompressionResult14discard_reason
FNDA:4,_RNvMNtCslQATw0AokWy_23sweet_grass_compression6engineNtB2_17CompressionResult5count
FNDA:3,_RNvMNtCslQATw0AokWy_23sweet_grass_compression6engineNtB2_17CompressionResult6braids
FNDA:3,_RNvMs_NtCslQATw0AokWy_23sweet_grass_compression6engineNtB4_17CompressionEngine11with_config
FNDA:6,_RNvMs_NtCslQATw0AokWy_23sweet_grass_compression6engineNtB4_17CompressionEngine15compress_single
FNDA:0,_RNvMs_NtCslQATw0AokWy_23sweet_grass_compression6engineNtB4_17CompressionEngine17create_meta_braid
FNDA:10,_RNvMs_NtCslQATw0AokWy_23sweet_grass_compression6engineNtB4_17CompressionEngine3new
FNDA:2,_RNvMs_NtCslQATw0AokWy_23sweet_grass_compression6engineNtB4_17CompressionEngine6config
FNDA:9,_RNvMs_NtCslQATw0AokWy_23sweet_grass_compression6engineNtB4_17CompressionEngine8compress
FNDA:0,_RNCNvMs_NtCslQATw0AokWy_23sweet_grass_compression6engineNtB6_17CompressionEngine15compress_single0B8_
FNDA:6,_RNCNvMs_NtCslQATw0AokWy_23sweet_grass_compression6engineNtB6_17CompressionEngine15compress_singles_0B8_
FNDA:0,_RNCNvMs_NtCslQATw0AokWy_23sweet_grass_compression6engineNtB6_17CompressionEngine17create_meta_braid0B8_
FNF:28
FNH:24
DA:45,9
DA:46,9
DA:47,3
DA:48,4
DA:49,2
DA:50,2
DA:51,2
DA:52,1
DA:53,1
DA:54,2
DA:57,9
DA:61,6
DA:62,6
DA:63,2
DA:64,2
DA:65,2
DA:67,6
DA:71,12
DA:72,12
DA:73,12
DA:77,4
DA:78,4
DA:79,3
DA:80,1
DA:82,4
DA:100,90
DA:101,90
DA:102,90
DA:103,90
DA:104,90
DA:105,90
DA:106,90
DA:107,90
DA:108,90
DA:122,0
DA:123,0
DA:124,0
DA:125,0
DA:129,3
DA:130,3
DA:131,3
DA:132,3
DA:133,3
DA:136,18
DA:138,18
DA:141,18
DA:142,18
DA:143,18
DA:144,18
DA:145,8
DA:148,10
DA:149,10
DA:152,0
DA:155,0
DA:156,0
DA:157,0
DA:159,0
DA:161,0
DA:162,0
DA:163,0
DA:164,0
DA:167,0
DA:169,0
DA:170,0
DA:171,0
DA:173,0
DA:175,0
DA:176,0
DA:177,0
DA:178,0
DA:181,18
DA:184,10
DA:185,10
DA:186,10
DA:187,10
DA:188,10
DA:189,10
DA:192,10
DA:193,10
DA:194,10
DA:195,10
DA:197,10
DA:198,7
DA:199,7
DA:202,20
DA:203,10
DA:204,10
DA:205,10
DA:206,10
DA:207,10
DA:210,10
DA:211,10
DA:212,10
DA:213,10
DA:215,10
DA:216,10
DA:217,10
DA:218,10
DA:219,10
DA:220,10
DA:221,10
DA:222,10
DA:223,10
DA:224,10
DA:225,10
DA:226,10
DA:227,10
DA:228,10
DA:229,10
DA:230,10
DA:231,10
DA:232,10
DA:233,10
DA:234,10
DA:235,10
DA:236,10
DA:237,10
DA:238,10
DA:239,10
DA:240,10
DA:241,10
DA:242,10
DA:243,10
DA:244,10
DA:245,10
DA:246,10
DA:247,10
DA:248,10
DA:251,10
DA:252,10
DA:253,10
DA:254,10
DA:255,10
DA:256,10
DA:257,10
DA:258,10
DA:259,10
DA:260,10
DA:262,10
DA:263,10
DA:264,10
DA:265,10
DA:268,0
DA:269,0
DA:270,0
DA:271,0
DA:272,0
DA:273,0
DA:274,0
DA:278,2
DA:279,2
DA:280,2
DA:290,10
DA:291,10
DA:292,10
DA:294,17
DA:295,17
DA:296,17
DA:297,17
DA:300,1
DA:301,1
DA:302,1
DA:303,1
DA:304,1
DA:305,1
DA:306,1
DA:307,1
DA:308,1
DA:309,1
DA:312,1
DA:315,1
DA:316,1
DA:317,1
DA:318,1
DA:319,1
DA:320,1
DA:321,1
DA:322,1
DA:323,1
DA:324,1
DA:325,1
DA:328,1
DA:331,1
DA:332,1
DA:333,1
DA:334,1
DA:335,1
DA:336,1
DA:337,1
DA:338,1
DA:339,1
DA:340,1
DA:343,1
DA:346,1
DA:347,1
DA:348,1
DA:349,1
DA:350,1
DA:351,1
DA:352,1
DA:353,1
DA:354,1
DA:355,1
DA:356,1
DA:358,1
DA:359,1
DA:360,1
DA:361,1
DA:362,1
DA:364,0
DA:366,1
DA:369,1
DA:370,1
DA:371,1
DA:372,1
DA:373,1
DA:374,1
DA:375,1
DA:376,1
DA:377,1
DA:378,1
DA:379,1
DA:380,1
DA:381,1
DA:383,1
DA:384,1
DA:385,1
DA:386,1
DA:387,1
DA:389,1
DA:390,1
DA:391,1
DA:392,1
DA:393,1
DA:394,1
DA:396,0
DA:398,1
DA:401,1
DA:402,1
DA:403,1
DA:404,1
DA:405,1
DA:406,1
DA:407,1
DA:408,1
DA:409,1
DA:410,1
DA:411,1
DA:414,1
DA:415,1
DA:416,1
DA:417,1
DA:418,1
DA:419,1
DA:420,1
DA:421,1
DA:422,1
DA:423,1
DA:424,1
DA:425,1
DA:428,1
DA:429,1
DA:430,1
DA:431,1
DA:432,1
DA:433,1
DA:434,1
DA:435,1
DA:436,1
DA:437,1
DA:438,1
DA:439,1
DA:440,1
DA:441,1
DA:442,1
DA:443,1
DA:444,1
DA:445,1
DA:446,1
DA:447,1
DA:448,1
DA:449,1
DA:450,1
DA:451,1
DA:452,1
DA:453,1
DA:454,1
DA:455,1
DA:456,1
DA:457,1
DA:458,1
DA:459,1
DA:460,1
DA:461,1
DA:462,1
DA:463,1
DA:466,1
DA:467,1
DA:468,1
DA:469,1
DA:470,1
DA:471,1
DA:472,1
DA:473,1
DA:474,1
DA:475,1
DA:476,1
DA:477,1
DA:478,1
DA:479,1
DA:480,1
DA:481,1
DA:482,1
DA:483,1
DA:486,1
DA:487,1
DA:488,1
DA:489,1
DA:490,1
DA:491,1
DA:492,1
DA:493,1
DA:494,1
DA:495,1
DA:496,1
DA:497,1
DA:498,1
DA:499,1
DA:500,1
DA:501,1
DA:502,1
DA:503,1
DA:504,1
DA:505,1
DA:506,1
DA:507,1
DA:508,1
DA:509,1
DA:510,1
DA:511,1
DA:512,1
DA:513,1
DA:514,1
DA:515,1
DA:516,1
DA:517,1
DA:518,1
DA:519,1
DA:520,1
DA:521,1
DA:522,1
DA:523,1
DA:524,1
DA:527,1
DA:528,1
DA:529,1
DA:530,1
DA:531,1
DA:532,1
DA:533,1
DA:534,1
DA:535,1
DA:536,1
DA:537,1
DA:538,1
DA:539,1
DA:540,1
DA:541,1
DA:542,1
DA:543,1
DA:544,1
DA:545,1
DA:548,1
DA:549,1
DA:550,1
DA:551,1
DA:552,1
DA:553,1
DA:554,1
DA:555,1
DA:556,1
DA:557,1
DA:559,1
DA:560,1
DA:561,1
DA:563,0
DA:565,1
BRF:0
BRH:0
LF:390
LH:355
end_of_record
SF:/home/strandgate/Development/ecoPrimals/phase2/sweetGrass/crates/sweet-grass-compression/src/error.rs
FN:38,_RNvXNtCsbY6LdEOIC22_23sweet_grass_compression5errorNtB2_16CompressionErrorINtNtCs9sjCchOt1K7_4core7convert4FromNtNtCs98BKYEhbmrI_10serde_json5error5ErrorE4from
FN:38,_RNvXNtCslQATw0AokWy_23sweet_grass_compression5errorNtB2_16CompressionErrorINtNtCs9sjCchOt1K7_4core7convert4FromNtNtCs98BKYEhbmrI_10serde_json5error5ErrorE4from
FN:67,_RNvNtNtCslQATw0AokWy_23sweet_grass_compression5error5testss_26test_from_serde_json_error
FN:49,_RNvNtNtCslQATw0AokWy_23sweet_grass_compression5error5testss_30test_compression_error_display
FNDA:0,_RNvXNtCsbY6LdEOIC22_23sweet_grass_compression5errorNtB2_16CompressionErrorINtNtCs9sjCchOt1K7_4core7convert4FromNtNtCs98BKYEhbmrI_10serde_json5error5ErrorE4from
FNDA:1,_RNvXNtCslQATw0AokWy_23sweet_grass_compression5errorNtB2_16CompressionErrorINtNtCs9sjCchOt1K7_4core7convert4FromNtNtCs98BKYEhbmrI_10serde_json5error5ErrorE4from
FNDA:1,_RNvNtNtCslQATw0AokWy_23sweet_grass_compression5error5testss_26test_from_serde_json_error
FNDA:1,_RNvNtNtCslQATw0AokWy_23sweet_grass_compression5error5testss_30test_compression_error_display
FNF:3
FNH:3
DA:38,1
DA:39,1
DA:40,1
DA:49,1
DA:50,1
DA:51,1
DA:53,1
DA:54,1
DA:56,1
DA:57,1
DA:59,1
DA:60,1
DA:62,1
DA:63,1
DA:64,1
DA:67,1
DA:68,1
DA:69,1
DA:70,1
DA:71,1
BRF:0
BRH:0
LF:20
LH:20
end_of_record
SF:/home/strandgate/Development/ecoPrimals/phase2/sweetGrass/crates/sweet-grass-compression/src/session.rs
FN:77,_RINvMNtCsbY6LdEOIC22_23sweet_grass_compression7sessionNtB3_13SessionVertex11with_parentReECsad6wFluTeQR_11integration
FN:48,_RINvMNtCsbY6LdEOIC22_23sweet_grass_compression7sessionNtB3_13SessionVertex3newReB1e_B1e_ECsad6wFluTeQR_11integration
FN:182,_RINvMs1_NtCsbY6LdEOIC22_23sweet_grass_compression7sessionNtB6_7Session3newReECsad6wFluTeQR_11integration
FN:84,_RNvMNtCsbY6LdEOIC22_23sweet_grass_compression7sessionNtB2_13SessionVertex18with_activity_type
FN:98,_RNvMNtCsbY6LdEOIC22_23sweet_grass_compression7sessionNtB2_13SessionVertex7is_root
FN:91,_RNvMNtCsbY6LdEOIC22_23sweet_grass_compression7sessionNtB2_13SessionVertex9committed
FN:70,_RNvMNtCsbY6LdEOIC22_23sweet_grass_compression7sessionNtB2_13SessionVertex9with_size
FN:196,_RNvMs1_NtCsbY6LdEOIC22_23sweet_grass_compression7sessionNtB5_7Session10add_vertex
FN:232,_RNvMs1_NtCsbY6LdEOIC22_23sweet_grass_compression7sessionNtB5_7Session12branch_count
FN:226,_RNvMs1_NtCsbY6LdEOIC22_23sweet_grass_compression7sessionNtB5_7Session12contributors
FN:202,_RNvMs1_NtCsbY6LdEOIC22_23sweet_grass_compression7sessionNtB5_7Session12vertex_count
FN:308,_RNvMs1_NtCsbY6LdEOIC22_23sweet_grass_compression7sessionNtB5_7Session13temporal_span
FN:214,_RNvMs1_NtCsbY6LdEOIC22_23sweet_grass_compression7sessionNtB5_7Session14unique_outputs
FN:208,_RNvMs1_NtCsbY6LdEOIC22_23sweet_grass_compression7sessionNtB5_7Session18committed_vertices
FN:327,_RNvMs1_NtCsbY6LdEOIC22_23sweet_grass_compression7sessionNtB5_7Session18has_single_outcome
FN:252,_RNvMs1_NtCsbY6LdEOIC22_23sweet_grass_compression7sessionNtB5_7Session4tips
FN:246,_RNvMs1_NtCsbY6LdEOIC22_23sweet_grass_compression7sessionNtB5_7Session5roots
FN:280,_RNvMs1_NtCsbY6LdEOIC22_23sweet_grass_compression7sessionNtB5_7Session8depth_of
FN:332,_RNvMs1_NtCsbY6LdEOIC22_23sweet_grass_compression7sessionNtB5_7Session8finalize
FN:321,_RNvMs1_NtCsbY6LdEOIC22_23sweet_grass_compression7sessionNtB5_7Session9is_atomic
FN:263,_RNvMs1_NtCsbY6LdEOIC22_23sweet_grass_compression7sessionNtB5_7Session9max_depth
FN:145,_RNvXs0_NtCsbY6LdEOIC22_23sweet_grass_compression7sessionNtB5_15CompressionHintNtNtCs9sjCchOt1K7_4core7default7Default7default
FN:120,_RNvXs_NtCsbY6LdEOIC22_23sweet_grass_compression7sessionNtB4_14SessionOutcomeNtNtCs9sjCchOt1K7_4core7default7Default7default
FN:241,_RNCNvMs1_NtCsbY6LdEOIC22_23sweet_grass_compression7sessionNtB7_7Session12branch_count0B9_
FN:227,_RNCNvMs1_NtCsbY6LdEOIC22_23sweet_grass_compression7sessionNtB7_7Session12contributors0B9_
FN:313,_RNCNvMs1_NtCsbY6LdEOIC22_23sweet_grass_compression7sessionNtB7_7Session13temporal_span0B9_
FN:314,_RNCNvMs1_NtCsbY6LdEOIC22_23sweet_grass_compression7sessionNtB7_7Session13temporal_spans_0B9_
FN:215,_RNCNvMs1_NtCsbY6LdEOIC22_23sweet_grass_compression7sessionNtB7_7Session14unique_outputs0B9_
FN:220,_RNCNvMs1_NtCsbY6LdEOIC22_23sweet_grass_compression7sessionNtB7_7Session14unique_outputss0_0B9_
FN:219,_RNCNvMs1_NtCsbY6LdEOIC22_23sweet_grass_compression7sessionNtB7_7Session14unique_outputss_0B9_
FN:209,_RNCNvMs1_NtCsbY6LdEOIC22_23sweet_grass_compression7sessionNtB7_7Session18committed_vertices0B9_
FN:253,_RNCNvMs1_NtCsbY6LdEOIC22_23sweet_grass_compression7sessionNtB7_7Session4tips0B9_
FN:257,_RNCNvMs1_NtCsbY6LdEOIC22_23sweet_grass_compression7sessionNtB7_7Session4tipss_0B9_
FN:247,_RNCNvMs1_NtCsbY6LdEOIC22_23sweet_grass_compression7sessionNtB7_7Session5roots0B9_
FN:295,_RNCNvMs1_NtCsbY6LdEOIC22_23sweet_grass_compression7sessionNtB7_7Session8depth_of0B9_
FN:296,_RNCNvMs1_NtCsbY6LdEOIC22_23sweet_grass_compression7sessionNtB7_7Session8depth_ofs_0B9_
FN:270,_RNCNvMs1_NtCsbY6LdEOIC22_23sweet_grass_compression7sessionNtB7_7Session9max_depth0B9_
FN:275,_RNCNvMs1_NtCsbY6LdEOIC22_23sweet_grass_compression7sessionNtB7_7Session9max_depths_0B9_
FN:77,_RINvMNtCsbY6LdEOIC22_23sweet_grass_compression7sessionNtB3_13SessionVertex11with_parentpEB5_
FN:48,_RINvMNtCsbY6LdEOIC22_23sweet_grass_compression7sessionNtB3_13SessionVertex3newpppEB5_
FN:182,_RINvMs1_NtCsbY6LdEOIC22_23sweet_grass_compression7sessionNtB6_7Session3newpEB8_
FN:84,_RNvMNtCslQATw0AokWy_23sweet_grass_compression7sessionNtB2_13SessionVertex18with_activity_type
FN:327,_RNvMs1_NtCslQATw0AokWy_23sweet_grass_compression7sessionNtB5_7Session18has_single_outcome
FN:321,_RNvMs1_NtCslQATw0AokWy_23sweet_grass_compression7sessionNtB5_7Session9is_atomic
FN:145,_RNvXs0_NtCslQATw0AokWy_23sweet_grass_compression7sessionNtB5_15CompressionHintNtNtCs9sjCchOt1K7_4core7default7Default7default
FN:120,_RNvXs_NtCslQATw0AokWy_23sweet_grass_compression7sessionNtB4_14SessionOutcomeNtNtCs9sjCchOt1K7_4core7default7Default7default
FN:343,_RNvNtNtCslQATw0AokWy_23sweet_grass_compression7session5tests11make_vertex
FN:391,_RNvNtNtCslQATw0AokWy_23sweet_grass_compression7session5testss_17test_contributors
FN:348,_RNvNtNtCslQATw0AokWy_23sweet_grass_compression7session5testss_18test_empty_session
FN:356,_RNvNtNtCslQATw0AokWy_23sweet_grass_compression7session5testss_19test_linear_session
FN:412,_RNvNtNtCslQATw0AokWy_23sweet_grass_compression7session5testss_21test_committed_filter
FN:423,_RNvNtNtCslQATw0AokWy_23sweet_grass_compression7session5testss_21test_session_finalize
FN:370,_RNvNtNtCslQATw0AokWy_23sweet_grass_compression7session5testss_22test_branching_session
FN:98,_RNvMNtCslQATw0AokWy_23sweet_grass_compression7sessionNtB2_13SessionVertex7is_root
FN:91,_RNvMNtCslQATw0AokWy_23sweet_grass_compression7sessionNtB2_13SessionVertex9committed
FN:70,_RNvMNtCslQATw0AokWy_23sweet_grass_compression7sessionNtB2_13SessionVertex9with_size
FN:196,_RNvMs1_NtCslQATw0AokWy_23sweet_grass_compression7sessionNtB5_7Session10add_vertex
FN:232,_RNvMs1_NtCslQATw0AokWy_23sweet_grass_compression7sessionNtB5_7Session12branch_count
FN:226,_RNvMs1_NtCslQATw0AokWy_23sweet_grass_compression7sessionNtB5_7Session12contributors
FN:202,_RNvMs1_NtCslQATw0AokWy_23sweet_grass_compression7sessionNtB5_7Session12vertex_count
FN:308,_RNvMs1_NtCslQATw0AokWy_23sweet_grass_compression7sessionNtB5_7Session13temporal_span
FN:214,_RNvMs1_NtCslQATw0AokWy_23sweet_grass_compression7sessionNtB5_7Session14unique_outputs
FN:208,_RNvMs1_NtCslQATw0AokWy_23sweet_grass_compression7sessionNtB5_7Session18committed_vertices
FN:252,_RNvMs1_NtCslQATw0AokWy_23sweet_grass_compression7sessionNtB5_7Session4tips
FN:246,_RNvMs1_NtCslQATw0AokWy_23sweet_grass_compression7sessionNtB5_7Session5roots
FN:280,_RNvMs1_NtCslQATw0AokWy_23sweet_grass_compression7sessionNtB5_7Session8depth_of
FN:332,_RNvMs1_NtCslQATw0AokWy_23sweet_grass_compression7sessionNtB5_7Session8finalize
FN:263,_RNvMs1_NtCslQATw0AokWy_23sweet_grass_compression7sessionNtB5_7Session9max_depth
FN:77,_RINvMNtCslQATw0AokWy_23sweet_grass_compression7sessionNtB3_13SessionVertex11with_parentReEB5_
FN:48,_RINvMNtCslQATw0AokWy_23sweet_grass_compression7sessionNtB3_13SessionVertex3newReB1e_B1e_EB5_
FN:182,_RINvMs1_NtCslQATw0AokWy_23sweet_grass_compression7sessionNtB6_7Session3newReEB8_
FN:241,_RNCNvMs1_NtCslQATw0AokWy_23sweet_grass_compression7sessionNtB7_7Session12branch_count0B9_
FN:227,_RNCNvMs1_NtCslQATw0AokWy_23sweet_grass_compression7sessionNtB7_7Session12contributors0B9_
FN:313,_RNCNvMs1_NtCslQATw0AokWy_23sweet_grass_compression7sessionNtB7_7Session13temporal_span0B9_
FN:314,_RNCNvMs1_NtCslQATw0AokWy_23sweet_grass_compression7sessionNtB7_7Session13temporal_spans_0B9_
FN:215,_RNCNvMs1_NtCslQATw0AokWy_23sweet_grass_compression7sessionNtB7_7Session14unique_outputs0B9_
FN:220,_RNCNvMs1_NtCslQATw0AokWy_23sweet_grass_compression7sessionNtB7_7Session14unique_outputss0_0B9_
FN:219,_RNCNvMs1_NtCslQATw0AokWy_23sweet_grass_compression7sessionNtB7_7Session14unique_outputss_0B9_
FN:209,_RNCNvMs1_NtCslQATw0AokWy_23sweet_grass_compression7sessionNtB7_7Session18committed_vertices0B9_
FN:253,_RNCNvMs1_NtCslQATw0AokWy_23sweet_grass_compression7sessionNtB7_7Session4tips0B9_
FN:257,_RNCNvMs1_NtCslQATw0AokWy_23sweet_grass_compression7sessionNtB7_7Session4tipss_0B9_
FN:247,_RNCNvMs1_NtCslQATw0AokWy_23sweet_grass_compression7sessionNtB7_7Session5roots0B9_
FN:295,_RNCNvMs1_NtCslQATw0AokWy_23sweet_grass_compression7sessionNtB7_7Session8depth_of0B9_
FN:296,_RNCNvMs1_NtCslQATw0AokWy_23sweet_grass_compression7sessionNtB7_7Session8depth_ofs_0B9_
FN:270,_RNCNvMs1_NtCslQATw0AokWy_23sweet_grass_compression7sessionNtB7_7Session9max_depth0B9_
FN:275,_RNCNvMs1_NtCslQATw0AokWy_23sweet_grass_compression7sessionNtB7_7Session9max_depths_0B9_
FN:48,_RINvMNtCsbY6LdEOIC22_23sweet_grass_compression7sessionNtB3_13SessionVertex3newNtNtCs6bBekJvxEMJ_5alloc6string6StringB1e_ReECs4hEEQusrzoB_23sweet_grass_integration
FN:48,_RINvMNtCsbY6LdEOIC22_23sweet_grass_compression7sessionNtB3_13SessionVertex3newReB1e_B1e_ECs4hEEQusrzoB_23sweet_grass_integration
FN:182,_RINvMs1_NtCsbY6LdEOIC22_23sweet_grass_compression7sessionNtB6_7Session3newNtNtCs6bBekJvxEMJ_5alloc6string6StringECs4hEEQusrzoB_23sweet_grass_integration
FN:182,_RINvMs1_NtCsbY6LdEOIC22_23sweet_grass_compression7sessionNtB6_7Session3newReECs4hEEQusrzoB_23sweet_grass_integration
FN:77,_RINvMNtCsbY6LdEOIC22_23sweet_grass_compression7sessionNtB3_13SessionVertex11with_parentNtNtCs6bBekJvxEMJ_5alloc6string6StringECsdjAd9q7fPo9_19sweet_grass_service
FN:48,_RINvMNtCsbY6LdEOIC22_23sweet_grass_compression7sessionNtB3_13SessionVertex3newRNtNtCs6bBekJvxEMJ_5alloc6string6StringB1e_B1e_ECsdjAd9q7fPo9_19sweet_grass_service
FN:182,_RINvMs1_NtCsbY6LdEOIC22_23sweet_grass_compression7sessionNtB6_7Session3newRNtNtCs6bBekJvxEMJ_5alloc6string6StringECsdjAd9q7fPo9_19sweet_grass_service
FN:77,_RINvMNtCsbY6LdEOIC22_23sweet_grass_compression7sessionNtB3_13SessionVertex11with_parentNtNtCs6bBekJvxEMJ_5alloc6string6StringECsZK8v8cnrxE_19sweet_grass_service
FN:48,_RINvMNtCsbY6LdEOIC22_23sweet_grass_compression7sessionNtB3_13SessionVertex3newRNtNtCs6bBekJvxEMJ_5alloc6string6StringB1e_B1e_ECsZK8v8cnrxE_19sweet_grass_service
FN:48,_RINvMNtCsbY6LdEOIC22_23sweet_grass_compression7sessionNtB3_13SessionVertex3newReB1e_B1e_ECsZK8v8cnrxE_19sweet_grass_service
FN:182,_RINvMs1_NtCsbY6LdEOIC22_23sweet_grass_compression7sessionNtB6_7Session3newRNtNtCs6bBekJvxEMJ_5alloc6string6StringECsZK8v8cnrxE_19sweet_grass_service
FN:182,_RINvMs1_NtCsbY6LdEOIC22_23sweet_grass_compression7sessionNtB6_7Session3newReECsZK8v8cnrxE_19sweet_grass_service
FNDA:1,_RINvMNtCsbY6LdEOIC22_23sweet_grass_compression7sessionNtB3_13SessionVertex11with_parentReECsad6wFluTeQR_11integration
FNDA:3,_RINvMNtCsbY6LdEOIC22_23sweet_grass_compression7sessionNtB3_13SessionVertex3newReB1e_B1e_ECsad6wFluTeQR_11integration
FNDA:3,_RINvMs1_NtCsbY6LdEOIC22_23sweet_grass_compression7sessionNtB6_7Session3newReECsad6wFluTeQR_11integration
FNDA:3,_RNvMNtCsbY6LdEOIC22_23sweet_grass_compression7sessionNtB2_13SessionVertex18with_activity_type
FNDA:12,_RNvMNtCsbY6LdEOIC22_23sweet_grass_compression7sessionNtB2_13SessionVertex7is_root
FNDA:7,_RNvMNtCsbY6LdEOIC22_23sweet_grass_compression7sessionNtB2_13SessionVertex9committed
FNDA:7,_RNvMNtCsbY6LdEOIC22_23sweet_grass_compression7sessionNtB2_13SessionVertex9with_size
FNDA:15,_RNvMs1_NtCsbY6LdEOIC22_23sweet_grass_compression7sessionNtB5_7Session10add_vertex
FNDA:9,_RNvMs1_NtCsbY6LdEOIC22_23sweet_grass_compression7sessionNtB5_7Session12branch_count
FNDA:9,_RNvMs1_NtCsbY6LdEOIC22_23sweet_grass_compression7sessionNtB5_7Session12contributors
FNDA:9,_RNvMs1_NtCsbY6LdEOIC22_23sweet_grass_compression7sessionNtB5_7Session12vertex_count
FNDA:9,_RNvMs1_NtCsbY6LdEOIC22_23sweet_grass_compression7sessionNtB5_7Session13temporal_span
FNDA:9,_RNvMs1_NtCsbY6LdEOIC22_23sweet_grass_compression7sessionNtB5_7Session14unique_outputs
FNDA:13,_RNvMs1_NtCsbY6LdEOIC22_23sweet_grass_compression7sessionNtB5_7Session18committed_vertices
FNDA:0,_RNvMs1_NtCsbY6LdEOIC22_23sweet_grass_compression7sessionNtB5_7Session18has_single_outcome
FNDA:24,_RNvMs1_NtCsbY6LdEOIC22_23sweet_grass_compression7sessionNtB5_7Session4tips
FNDA:8,_RNvMs1_NtCsbY6LdEOIC22_23sweet_grass_compression7sessionNtB5_7Session5roots
FNDA:8,_RNvMs1_NtCsbY6LdEOIC22_23sweet_grass_compression7sessionNtB5_7Session8depth_of
FNDA:2,_RNvMs1_NtCsbY6LdEOIC22_23sweet_grass_compression7sessionNtB5_7Session8finalize
FNDA:0,_RNvMs1_NtCsbY6LdEOIC22_23sweet_grass_compression7sessionNtB5_7Session9is_atomic
FNDA:9,_RNvMs1_NtCsbY6LdEOIC22_23sweet_grass_compression7sessionNtB5_7Session9max_depth
FNDA:0,_RNvXs0_NtCsbY6LdEOIC22_23sweet_grass_compression7sessionNtB5_15CompressionHintNtNtCs9sjCchOt1K7_4core7default7Default7default
FNDA:0,_RNvXs_NtCsbY6LdEOIC22_23sweet_grass_compression7sessionNtB4_14SessionOutcomeNtNtCs9sjCchOt1K7_4core7default7Default7default
FNDA:2,_RNCNvMs1_NtCsbY6LdEOIC22_23sweet_grass_compression7sessionNtB7_7Session12branch_count0B9_
FNDA:8,_RNCNvMs1_NtCsbY6LdEOIC22_23sweet_grass_compression7sessionNtB7_7Session12contributors0B9_
FNDA:8,_RNCNvMs1_NtCsbY6LdEOIC22_23sweet_grass_compression7sessionNtB7_7Session13temporal_span0B9_
FNDA:8,_RNCNvMs1_NtCsbY6LdEOIC22_23sweet_grass_compression7sessionNtB7_7Session13temporal_spans_0B9_
FNDA:8,_RNCNvMs1_NtCsbY6LdEOIC22_23sweet_grass_compression7sessionNtB7_7Session14unique_outputs0B9_
FNDA:5,_RNCNvMs1_NtCsbY6LdEOIC22_23sweet_grass_compression7sessionNtB7_7Session14unique_outputss0_0B9_
FNDA:8,_RNCNvMs1_NtCsbY6LdEOIC22_23sweet_grass_compression7sessionNtB7_7Session14unique_outputss_0B9_
FNDA:14,_RNCNvMs1_NtCsbY6LdEOIC22_23sweet_grass_compression7sessionNtB7_7Session18committed_vertices0B9_
FNDA:24,_RNCNvMs1_NtCsbY6LdEOIC22_23sweet_grass_compression7sessionNtB7_7Session4tips0B9_
FNDA:24,_RNCNvMs1_NtCsbY6LdEOIC22_23sweet_grass_compression7sessionNtB7_7Session4tipss_0B9_
FNDA:12,_RNCNvMs1_NtCsbY6LdEOIC22_23sweet_grass_compression7sessionNtB7_7Session5roots0B9_
FNDA:2,_RNCNvMs1_NtCsbY6LdEOIC22_23sweet_grass_compression7sessionNtB7_7Session8depth_of0B9_
FNDA:2,_RNCNvMs1_NtCsbY6LdEOIC22_23sweet_grass_compression7sessionNtB7_7Session8depth_ofs_0B9_
FNDA:8,_RNCNvMs1_NtCsbY6LdEOIC22_23sweet_grass_compression7sessionNtB7_7Session9max_depth0B9_
FNDA:6,_RNCNvMs1_NtCsbY6LdEOIC22_23sweet_grass_compression7sessionNtB7_7Session9max_depths_0B9_
FNDA:0,_RINvMNtCsbY6LdEOIC22_23sweet_grass_compression7sessionNtB3_13SessionVertex11with_parentpEB5_
FNDA:0,_RINvMNtCsbY6LdEOIC22_23sweet_grass_compression7sessionNtB3_13SessionVertex3newpppEB5_
FNDA:0,_RINvMs1_NtCsbY6LdEOIC22_23sweet_grass_compression7sessionNtB6_7Session3newpEB8_
FNDA:0,_RNvMNtCslQATw0AokWy_23sweet_grass_compression7sessionNtB2_13SessionVertex18with_activity_type
FNDA:0,_RNvMs1_NtCslQATw0AokWy_23sweet_grass_compression7sessionNtB5_7Session18has_single_outcome
FNDA:0,_RNvMs1_NtCslQATw0AokWy_23sweet_grass_compression7sessionNtB5_7Session9is_atomic
FNDA:0,_RNvXs0_NtCslQATw0AokWy_23sweet_grass_compression7sessionNtB5_15CompressionHintNtNtCs9sjCchOt1K7_4core7default7Default7default
FNDA:0,_RNvXs_NtCslQATw0AokWy_23sweet_grass_compression7sessionNtB4_14SessionOutcomeNtNtCs9sjCchOt1K7_4core7default7Default7default
FNDA:9,_RNvNtNtCslQATw0AokWy_23sweet_grass_compression7session5tests11make_vertex
FNDA:1,_RNvNtNtCslQATw0AokWy_23sweet_grass_compression7session5testss_17test_contributors
FNDA:1,_RNvNtNtCslQATw0AokWy_23sweet_grass_compression7session5testss_18test_empty_session
FNDA:1,_RNvNtNtCslQATw0AokWy_23sweet_grass_compression7session5testss_19test_linear_session
FNDA:1,_RNvNtNtCslQATw0AokWy_23sweet_grass_compression7session5testss_21test_committed_filter
FNDA:1,_RNvNtNtCslQATw0AokWy_23sweet_grass_compression7session5testss_21test_session_finalize
FNDA:1,_RNvNtNtCslQATw0AokWy_23sweet_grass_compression7session5testss_22test_branching_session
FNDA:33,_RNvMNtCslQATw0AokWy_23sweet_grass_compression7sessionNtB2_13SessionVertex7is_root
FNDA:37,_RNvMNtCslQATw0AokWy_23sweet_grass_compression7sessionNtB2_13SessionVertex9committed
FNDA:17,_RNvMNtCslQATw0AokWy_23sweet_grass_compression7sessionNtB2_13SessionVertex9with_size
FNDA:40,_RNvMs1_NtCslQATw0AokWy_23sweet_grass_compression7sessionNtB5_7Session10add_vertex
FNDA:20,_RNvMs1_NtCslQATw0AokWy_23sweet_grass_compression7sessionNtB5_7Session12branch_count
FNDA:18,_RNvMs1_NtCslQATw0AokWy_23sweet_grass_compression7sessionNtB5_7Session12contributors
FNDA:23,_RNvMs1_NtCslQATw0AokWy_23sweet_grass_compression7sessionNtB5_7Session12vertex_count
FNDA:17,_RNvMs1_NtCslQATw0AokWy_23sweet_grass_compression7sessionNtB5_7Session13temporal_span
FNDA:18,_RNvMs1_NtCslQATw0AokWy_23sweet_grass_compression7sessionNtB5_7Session14unique_outputs
FNDA:24,_RNvMs1_NtCslQATw0AokWy_23sweet_grass_compression7sessionNtB5_7Session18committed_vertices
FNDA:52,_RNvMs1_NtCslQATw0AokWy_23sweet_grass_compression7sessionNtB5_7Session4tips
FNDA:13,_RNvMs1_NtCslQATw0AokWy_23sweet_grass_compression7sessionNtB5_7Session5roots
FNDA:31,_RNvMs1_NtCslQATw0AokWy_23sweet_grass_compression7sessionNtB5_7Session8depth_of
FNDA:9,_RNvMs1_NtCslQATw0AokWy_23sweet_grass_compression7sessionNtB5_7Session8finalize
FNDA:19,_RNvMs1_NtCslQATw0AokWy_23sweet_grass_compression7sessionNtB5_7Session9max_depth
FNDA:19,_RINvMNtCslQATw0AokWy_23sweet_grass_compression7sessionNtB3_13SessionVertex11with_parentReEB5_
FNDA:40,_RINvMNtCslQATw0AokWy_23sweet_grass_compression7sessionNtB3_13SessionVertex3newReB1e_B1e_EB5_
FNDA:24,_RINvMs1_NtCslQATw0AokWy_23sweet_grass_compression7sessionNtB6_7Session3newReEB8_
FNDA:13,_RNCNvMs1_NtCslQATw0AokWy_23sweet_grass_compression7sessionNtB7_7Session12branch_count0B9_
FNDA:28,_RNCNvMs1_NtCslQATw0AokWy_23sweet_grass_compression7sessionNtB7_7Session12contributors0B9_
FNDA:26,_RNCNvMs1_NtCslQATw0AokWy_23sweet_grass_compression7sessionNtB7_7Session13temporal_span0B9_
FNDA:26,_RNCNvMs1_NtCslQATw0AokWy_23sweet_grass_compression7sessionNtB7_7Session13temporal_spans_0B9_
FNDA:29,_RNCNvMs1_NtCslQATw0AokWy_23sweet_grass_compression7sessionNtB7_7Session14unique_outputs0B9_
FNDA:16,_RNCNvMs1_NtCslQATw0AokWy_23sweet_grass_compression7sessionNtB7_7Session14unique_outputss0_0B9_
FNDA:29,_RNCNvMs1_NtCslQATw0AokWy_23sweet_grass_compression7sessionNtB7_7Session14unique_outputss_0B9_
FNDA:44,_RNCNvMs1_NtCslQATw0AokWy_23sweet_grass_compression7sessionNtB7_7Session18committed_vertices0B9_
FNDA:90,_RNCNvMs1_NtCslQATw0AokWy_23sweet_grass_compression7sessionNtB7_7Session4tips0B9_
FNDA:90,_RNCNvMs1_NtCslQATw0AokWy_23sweet_grass_compression7sessionNtB7_7Session4tipss_0B9_
FNDA:33,_RNCNvMs1_NtCslQATw0AokWy_23sweet_grass_compression7sessionNtB7_7Session5roots0B9_
FNDA:14,_RNCNvMs1_NtCslQATw0AokWy_23sweet_grass_compression7sessionNtB7_7Session8depth_of0B9_
FNDA:14,_RNCNvMs1_NtCslQATw0AokWy_23sweet_grass_compression7sessionNtB7_7Session8depth_ofs_0B9_
FNDA:29,_RNCNvMs1_NtCslQATw0AokWy_23sweet_grass_compression7sessionNtB7_7Session9max_depth0B9_
FNDA:17,_RNCNvMs1_NtCslQATw0AokWy_23sweet_grass_compression7sessionNtB7_7Session9max_depths_0B9_
FNDA:5,_RINvMNtCsbY6LdEOIC22_23sweet_grass_compression7sessionNtB3_13SessionVertex3newNtNtCs6bBekJvxEMJ_5alloc6string6StringB1e_ReECs4hEEQusrzoB_23sweet_grass_integration
FNDA:2,_RINvMNtCsbY6LdEOIC22_23sweet_grass_compression7sessionNtB3_13SessionVertex3newReB1e_B1e_ECs4hEEQusrzoB_23sweet_grass_integration
FNDA:5,_RINvMs1_NtCsbY6LdEOIC22_23sweet_grass_compression7sessionNtB6_7Session3newNtNtCs6bBekJvxEMJ_5alloc6string6StringECs4hEEQusrzoB_23sweet_grass_integration
FNDA:2,_RINvMs1_NtCsbY6LdEOIC22_23sweet_grass_compression7sessionNtB6_7Session3newReECs4hEEQusrzoB_23sweet_grass_integration
FNDA:0,_RINvMNtCsbY6LdEOIC22_23sweet_grass_compression7sessionNtB3_13SessionVertex11with_parentNtNtCs6bBekJvxEMJ_5alloc6string6StringECsdjAd9q7fPo9_19sweet_grass_service
FNDA:0,_RINvMNtCsbY6LdEOIC22_23sweet_grass_compression7sessionNtB3_13SessionVertex3newRNtNtCs6bBekJvxEMJ_5alloc6string6StringB1e_B1e_ECsdjAd9q7fPo9_19sweet_grass_service
FNDA:0,_RINvMs1_NtCsbY6LdEOIC22_23sweet_grass_compression7sessionNtB6_7Session3newRNtNtCs6bBekJvxEMJ_5alloc6string6StringECsdjAd9q7fPo9_19sweet_grass_service
FNDA:1,_RINvMNtCsbY6LdEOIC22_23sweet_grass_compression7sessionNtB3_13SessionVertex11with_parentNtNtCs6bBekJvxEMJ_5alloc6string6StringECsZK8v8cnrxE_19sweet_grass_service
FNDA:4,_RINvMNtCsbY6LdEOIC22_23sweet_grass_compression7sessionNtB3_13SessionVertex3newRNtNtCs6bBekJvxEMJ_5alloc6string6StringB1e_B1e_ECsZK8v8cnrxE_19sweet_grass_service
FNDA:1,_RINvMNtCsbY6LdEOIC22_23sweet_grass_compression7sessionNtB3_13SessionVertex3newReB1e_B1e_ECsZK8v8cnrxE_19sweet_grass_service
FNDA:5,_RINvMs1_NtCsbY6LdEOIC22_23sweet_grass_compression7sessionNtB6_7Session3newRNtNtCs6bBekJvxEMJ_5alloc6string6StringECsZK8v8cnrxE_19sweet_grass_service
FNDA:1,_RINvMs1_NtCsbY6LdEOIC22_23sweet_grass_compression7sessionNtB6_7Session3newReECsZK8v8cnrxE_19sweet_grass_service
FNF:45
FNH:41
DA:48,55
DA:49,55
DA:50,55
DA:51,55
DA:52,55
DA:53,55
DA:54,55
DA:55,55
DA:56,55
DA:57,55
DA:58,55
DA:59,55
DA:60,55
DA:61,55
DA:62,55
DA:63,55
DA:64,55
DA:65,55
DA:66,55
DA:70,24
DA:71,24
DA:72,24
DA:73,24
DA:77,21
DA:78,21
DA:79,21
DA:80,21
DA:84,3
DA:85,3
DA:86,3
DA:87,3
DA:91,44
DA:92,44
DA:93,44
DA:94,44
DA:98,45
DA:99,45
DA:100,45
DA:120,0
DA:121,0
DA:122,0
DA:145,0
DA:146,0
DA:147,0
DA:182,40
DA:183,40
DA:184,40
DA:185,40
DA:186,40
DA:187,40
DA:188,40
DA:189,40
DA:190,40
DA:191,40
DA:192,40
DA:193,40
DA:196,55
DA:197,55
DA:198,55
DA:202,32
DA:203,32
DA:204,32
DA:208,37
DA:209,58
DA:210,37
DA:214,27
DA:215,37
DA:216,27
DA:217,27
DA:218,27
DA:219,37
DA:220,27
DA:221,27
DA:222,27
DA:226,27
DA:227,36
DA:228,27
DA:232,29
DA:233,29
DA:235,69
DA:236,58
DA:237,18
DA:238,18
DA:241,29
DA:242,29
DA:246,21
DA:247,45
DA:248,21
DA:252,76
DA:253,114
DA:254,76
DA:255,76
DA:256,76
DA:257,114
DA:258,76
DA:259,76
DA:263,28
DA:264,28
DA:265,7
DA:266,21
DA:267,21
DA:268,21
DA:269,21
DA:270,37
DA:271,21
DA:272,21
DA:273,21
DA:274,21
DA:275,23
DA:276,21
DA:277,21
DA:278,28
DA:280,39
DA:281,39
DA:282,39
DA:283,39
DA:284,39
DA:285,39
DA:286,2
DA:287,37
DA:289,37
DA:290,21
DA:292,16
DA:293,16
DA:294,16
DA:295,16
DA:296,16
DA:297,16
DA:298,16
DA:299,16
DA:302,37
DA:303,37
DA:304,39
DA:308,26
DA:309,26
DA:310,6
DA:311,20
DA:312,20
DA:313,34
DA:314,34
DA:315,20
DA:316,20
DA:317,26
DA:321,0
DA:322,0
DA:323,0
DA:327,0
DA:328,0
DA:329,0
DA:332,11
DA:333,11
DA:334,11
DA:335,11
DA:343,9
DA:344,9
DA:345,9
DA:348,1
DA:349,1
DA:350,1
DA:351,1
DA:352,1
DA:353,1
DA:356,1
DA:357,1
DA:358,1
DA:359,1
DA:360,1
DA:361,1
DA:362,1
DA:363,1
DA:364,1
DA:365,1
DA:366,1
DA:367,1
DA:370,1
DA:371,1
DA:372,1
DA:373,1
DA:374,1
DA:375,1
DA:376,1
DA:377,1
DA:378,1
DA:379,1
DA:380,1
DA:381,1
DA:382,1
DA:383,1
DA:384,1
DA:385,1
DA:386,1
DA:387,1
DA:388,1
DA:391,1
DA:392,1
DA:393,1
DA:394,1
DA:395,1
DA:396,1
DA:397,1
DA:398,1
DA:399,1
DA:400,1
DA:401,1
DA:402,1
DA:403,1
DA:404,1
DA:405,1
DA:406,1
DA:407,1
DA:408,1
DA:409,1
DA:412,1
DA:413,1
DA:414,1
DA:415,1
DA:416,1
DA:417,1
DA:418,1
DA:419,1
DA:420,1
DA:423,1
DA:424,1
DA:425,1
DA:426,1
DA:428,1
DA:429,1
DA:430,1
DA:431,1
DA:432,1
BRF:0
BRH:0
LF:245
LH:233
end_of_record
SF:/home/strandgate/Development/ecoPrimals/phase2/sweetGrass/crates/sweet-grass-compression/src/strategy.rs
FN:129,_RNvMs0_NtCsbY6LdEOIC22_23sweet_grass_compression8strategyNtB5_16CompressionLevel13with_max_size
FN:119,_RNvMs0_NtCsbY6LdEOIC22_23sweet_grass_compression8strategyNtB5_16CompressionLevel3new
FN:171,_RNvMs1_NtCsbY6LdEOIC22_23sweet_grass_compression8strategyNtB5_16GroupingStrategy10fixed_size
FN:163,_RNvMs1_NtCsbY6LdEOIC22_23sweet_grass_compression8strategyNtB5_16GroupingStrategy8temporal
FN:97,_RNvMs_NtCsbY6LdEOIC22_23sweet_grass_compression8strategyNtB4_10BranchSpec13with_vertices
FN:48,_RNvXNtCsbY6LdEOIC22_23sweet_grass_compression8strategyNtB2_13DiscardReasonNtNtCs9sjCchOt1K7_4core3fmt7Display3fmt
FN:205,_RNvXs2_NtCsbY6LdEOIC22_23sweet_grass_compression8strategyNtB5_17CompressionConfigNtNtCs9sjCchOt1K7_4core7default7Default7default
FN:79,_RINvMs_NtCsbY6LdEOIC22_23sweet_grass_compression8strategyNtB5_10BranchSpec3newNtNtCs6bBekJvxEMJ_5alloc6string6StringB1e_EB7_
FN:90,_RINvMs_NtCsbY6LdEOIC22_23sweet_grass_compression8strategyNtB5_10BranchSpec8with_tipNtNtCs6bBekJvxEMJ_5alloc6string6StringEB7_
FN:163,_RNvMs1_NtCslQATw0AokWy_23sweet_grass_compression8strategyNtB5_16GroupingStrategy8temporal
FN:237,_RNvNtNtCslQATw0AokWy_23sweet_grass_compression8strategy5testss_16test_branch_spec
FN:258,_RNvNtNtCslQATw0AokWy_23sweet_grass_compression8strategy5testss_19test_default_config
FN:250,_RNvNtNtCslQATw0AokWy_23sweet_grass_compression8strategy5testss_22test_compression_level
FN:225,_RNvNtNtCslQATw0AokWy_23sweet_grass_compression8strategy5testss_27test_discard_reason_display
FN:129,_RNvMs0_NtCslQATw0AokWy_23sweet_grass_compression8strategyNtB5_16CompressionLevel13with_max_size
FN:119,_RNvMs0_NtCslQATw0AokWy_23sweet_grass_compression8strategyNtB5_16CompressionLevel3new
FN:171,_RNvMs1_NtCslQATw0AokWy_23sweet_grass_compression8strategyNtB5_16GroupingStrategy10fixed_size
FN:97,_RNvMs_NtCslQATw0AokWy_23sweet_grass_compression8strategyNtB4_10BranchSpec13with_vertices
FN:48,_RNvXNtCslQATw0AokWy_23sweet_grass_compression8strategyNtB2_13DiscardReasonNtNtCs9sjCchOt1K7_4core3fmt7Display3fmt
FN:205,_RNvXs2_NtCslQATw0AokWy_23sweet_grass_compression8strategyNtB5_17CompressionConfigNtNtCs9sjCchOt1K7_4core7default7Default7default
FN:79,_RINvMs_NtCslQATw0AokWy_23sweet_grass_compression8strategyNtB5_10BranchSpec3newNtNtCs6bBekJvxEMJ_5alloc6string6StringB1e_EB7_
FN:79,_RINvMs_NtCslQATw0AokWy_23sweet_grass_compression8strategyNtB5_10BranchSpec3newReB1e_EB7_
FN:90,_RINvMs_NtCslQATw0AokWy_23sweet_grass_compression8strategyNtB5_10BranchSpec8with_tipNtNtCs6bBekJvxEMJ_5alloc6string6StringEB7_
FN:90,_RINvMs_NtCslQATw0AokWy_23sweet_grass_compression8strategyNtB5_10BranchSpec8with_tipReEB7_
FNDA:0,_RNvMs0_NtCsbY6LdEOIC22_23sweet_grass_compression8strategyNtB5_16CompressionLevel13with_max_size
FNDA:0,_RNvMs0_NtCsbY6LdEOIC22_23sweet_grass_compression8strategyNtB5_16CompressionLevel3new
FNDA:0,_RNvMs1_NtCsbY6LdEOIC22_23sweet_grass_compression8strategyNtB5_16GroupingStrategy10fixed_size
FNDA:0,_RNvMs1_NtCsbY6LdEOIC22_23sweet_grass_compression8strategyNtB5_16GroupingStrategy8temporal
FNDA:0,_RNvMs_NtCsbY6LdEOIC22_23sweet_grass_compression8strategyNtB4_10BranchSpec13with_vertices
FNDA:3,_RNvXNtCsbY6LdEOIC22_23sweet_grass_compression8strategyNtB2_13DiscardReasonNtNtCs9sjCchOt1K7_4core3fmt7Display3fmt
FNDA:80,_RNvXs2_NtCsbY6LdEOIC22_23sweet_grass_compression8strategyNtB5_17CompressionConfigNtNtCs9sjCchOt1K7_4core7default7Default7default
FNDA:0,_RINvMs_NtCsbY6LdEOIC22_23sweet_grass_compression8strategyNtB5_10BranchSpec3newNtNtCs6bBekJvxEMJ_5alloc6string6StringB1e_EB7_
FNDA:0,_RINvMs_NtCsbY6LdEOIC22_23sweet_grass_compression8strategyNtB5_10BranchSpec8with_tipNtNtCs6bBekJvxEMJ_5alloc6string6StringEB7_
FNDA:0,_RNvMs1_NtCslQATw0AokWy_23sweet_grass_compression8strategyNtB5_16GroupingStrategy8temporal
FNDA:1,_RNvNtNtCslQATw0AokWy_23sweet_grass_compression8strategy5testss_16test_branch_spec
FNDA:1,_RNvNtNtCslQATw0AokWy_23sweet_grass_compression8strategy5testss_19test_default_config
FNDA:1,_RNvNtNtCslQATw0AokWy_23sweet_grass_compression8strategy5testss_22test_compression_level
FNDA:1,_RNvNtNtCslQATw0AokWy_23sweet_grass_compression8strategy5testss_27test_discard_reason_display
FNDA:1,_RNvMs0_NtCslQATw0AokWy_23sweet_grass_compression8strategyNtB5_16CompressionLevel13with_max_size
FNDA:1,_RNvMs0_NtCslQATw0AokWy_23sweet_grass_compression8strategyNtB5_16CompressionLevel3new
FNDA:0,_RNvMs1_NtCslQATw0AokWy_23sweet_grass_compression8strategyNtB5_16GroupingStrategy10fixed_size
FNDA:1,_RNvMs_NtCslQATw0AokWy_23sweet_grass_compression8strategyNtB4_10BranchSpec13with_vertices
FNDA:2,_RNvXNtCslQATw0AokWy_23sweet_grass_compression8strategyNtB2_13DiscardReasonNtNtCs9sjCchOt1K7_4core3fmt7Display3fmt
FNDA:23,_RNvXs2_NtCslQATw0AokWy_23sweet_grass_compression8strategyNtB5_17CompressionConfigNtNtCs9sjCchOt1K7_4core7default7Default7default
FNDA:2,_RINvMs_NtCslQATw0AokWy_23sweet_grass_compression8strategyNtB5_10BranchSpec3newNtNtCs6bBekJvxEMJ_5alloc6string6StringB1e_EB7_
FNDA:1,_RINvMs_NtCslQATw0AokWy_23sweet_grass_compression8strategyNtB5_10BranchSpec3newReB1e_EB7_
FNDA:2,_RINvMs_NtCslQATw0AokWy_23sweet_grass_compression8strategyNtB5_10BranchSpec8with_tipNtNtCs6bBekJvxEMJ_5alloc6string6StringEB7_
FNDA:2,_RINvMs_NtCslQATw0AokWy_23sweet_grass_compression8strategyNtB5_10BranchSpec8with_tipReEB7_
FNF:13
FNH:11
DA:48,5
DA:49,5
DA:50,2
DA:51,3
DA:52,0
DA:53,0
DA:54,0
DA:55,0
DA:57,5
DA:79,3
DA:80,3
DA:81,3
DA:82,3
DA:83,3
DA:84,3
DA:85,3
DA:86,3
DA:90,4
DA:91,4
DA:92,4
DA:93,4
DA:97,1
DA:98,1
DA:99,1
DA:100,1
DA:119,1
DA:120,1
DA:121,1
DA:122,1
DA:123,1
DA:124,1
DA:125,1
DA:129,1
DA:130,1
DA:131,1
DA:132,1
DA:163,0
DA:164,0
DA:165,0
DA:166,0
DA:167,0
DA:171,0
DA:172,0
DA:173,0
DA:205,103
DA:206,103
DA:207,103
DA:208,103
DA:209,103
DA:210,103
DA:211,103
DA:212,103
DA:213,103
DA:214,103
DA:215,103
DA:216,103
DA:225,1
DA:226,1
DA:227,1
DA:228,1
DA:229,1
DA:230,1
DA:231,1
DA:232,1
DA:233,1
DA:234,1
DA:237,1
DA:238,1
DA:239,1
DA:240,1
DA:241,1
DA:242,1
DA:243,1
DA:244,1
DA:245,1
DA:246,1
DA:247,1
DA:250,1
DA:251,1
DA:252,1
DA:253,1
DA:254,1
DA:255,1
DA:258,1
DA:259,1
DA:260,1
DA:261,1
DA:262,1
DA:263,1
DA:264,1
BRF:0
BRH:0
LF:90
LH:78
end_of_record
SF:/home/strandgate/Development/ecoPrimals/phase2/sweetGrass/crates/sweet-grass-core/src/activity.rs
FN:20,_RNvMNtCsa0ZJ84hKss5_16sweet_grass_core8activityNtB2_10ActivityId3new
FN:38,_RNvMNtCsa0ZJ84hKss5_16sweet_grass_core8activityNtB2_10ActivityId6as_str
FN:26,_RNvMNtCsa0ZJ84hKss5_16sweet_grass_core8activityNtB2_10ActivityId9from_task
FN:230,_RNvMs4_NtCsa0ZJ84hKss5_16sweet_grass_core8activityNtB5_10UsedEntity3new
FN:241,_RNvMs4_NtCsa0ZJ84hKss5_16sweet_grass_core8activityNtB5_10UsedEntity9with_role
FN:248,_RNvMs4_NtCsa0ZJ84hKss5_16sweet_grass_core8activityNtB5_10UsedEntity9with_time
FN:354,_RNvMs5_NtCsa0ZJ84hKss5_16sweet_grass_core8activityNtB5_8Activity11duration_ns
FN:361,_RNvMs5_NtCsa0ZJ84hKss5_16sweet_grass_core8activityNtB5_8Activity11is_complete
FN:367,_RNvMs5_NtCsa0ZJ84hKss5_16sweet_grass_core8activityNtB5_8Activity13primary_agent
FN:348,_RNvMs5_NtCsa0ZJ84hKss5_16sweet_grass_core8activityNtB5_8Activity7builder
FN:414,_RNvMs6_NtCsa0ZJ84hKss5_16sweet_grass_core8activityNtB5_15ActivityBuilder10started_at
FN:428,_RNvMs6_NtCsa0ZJ84hKss5_16sweet_grass_core8activityNtB5_15ActivityBuilder13compute_units
FN:407,_RNvMs6_NtCsa0ZJ84hKss5_16sweet_grass_core8activityNtB5_15ActivityBuilder15associated_with
FN:386,_RNvMs6_NtCsa0ZJ84hKss5_16sweet_grass_core8activityNtB5_15ActivityBuilder3new
FN:400,_RNvMs6_NtCsa0ZJ84hKss5_16sweet_grass_core8activityNtB5_15ActivityBuilder4uses
FN:456,_RNvMs6_NtCsa0ZJ84hKss5_16sweet_grass_core8activityNtB5_15ActivityBuilder5build
FN:421,_RNvMs6_NtCsa0ZJ84hKss5_16sweet_grass_core8activityNtB5_15ActivityBuilder8ended_at
FN:449,_RNvMs6_NtCsa0ZJ84hKss5_16sweet_grass_core8activityNtB5_15ActivityBuilder8metadata
FN:50,_RNvXs0_NtCsa0ZJ84hKss5_16sweet_grass_core8activityNtB5_10ActivityIdNtNtCs9sjCchOt1K7_4core3fmt7Display3fmt
FN:146,_RNvXs1_NtCsa0ZJ84hKss5_16sweet_grass_core8activityNtB5_12ActivityTypeNtNtCs9sjCchOt1K7_4core7default7Default7default
FN:152,_RNvXs2_NtCsa0ZJ84hKss5_16sweet_grass_core8activityNtB5_12ActivityTypeNtNtCs9sjCchOt1K7_4core3fmt7Display3fmt
FN:180,_RNvXs3_NtCsa0ZJ84hKss5_16sweet_grass_core8activityNtB5_10EntityRoleNtNtCs9sjCchOt1K7_4core7default7Default7default
FN:44,_RNvXs_NtCsa0ZJ84hKss5_16sweet_grass_core8activityNtB4_10ActivityIdNtNtCs9sjCchOt1K7_4core7default7Default7default
FN:356,_RNCNvMs5_NtCsa0ZJ84hKss5_16sweet_grass_core8activityNtB7_8Activity11duration_ns0B9_
FN:368,_RNCNvMs5_NtCsa0ZJ84hKss5_16sweet_grass_core8activityNtB7_8Activity13primary_agent0B9_
FN:32,_RINvMNtCsa0ZJ84hKss5_16sweet_grass_core8activityNtB3_10ActivityId11from_stringpEB5_
FN:435,_RINvMs6_NtCsa0ZJ84hKss5_16sweet_grass_core8activityNtB6_15ActivityBuilder13rhizo_sessionpEB8_
FN:442,_RINvMs6_NtCsa0ZJ84hKss5_16sweet_grass_core8activityNtB6_15ActivityBuilder14toadstool_taskpEB8_
FN:32,_RINvMNtCsa0ZJ84hKss5_16sweet_grass_core8activityNtB3_10ActivityId11from_stringNtNtCs6bBekJvxEMJ_5alloc6string6StringECs7hxHRAYyWAP_26sweet_grass_store_postgres
FN:435,_RINvMs6_NtCsa0ZJ84hKss5_16sweet_grass_core8activityNtB6_15ActivityBuilder13rhizo_sessionRNtNtCs6bBekJvxEMJ_5alloc6string6StringECsbY6LdEOIC22_23sweet_grass_compression
FN:435,_RINvMs6_NtCsa0ZJ84hKss5_16sweet_grass_core8activityNtB6_15ActivityBuilder13rhizo_sessionRNtNtCs6bBekJvxEMJ_5alloc6string6StringECslQATw0AokWy_23sweet_grass_compression
FN:356,_RNCNvMs5_NtCsduQ6capmcSI_16sweet_grass_core8activityNtB7_8Activity11duration_ns0B9_
FN:368,_RNCNvMs5_NtCsduQ6capmcSI_16sweet_grass_core8activityNtB7_8Activity13primary_agent0B9_
FN:32,_RINvMNtCsduQ6capmcSI_16sweet_grass_core8activityNtB3_10ActivityId11from_stringpEB5_
FN:435,_RINvMs6_NtCsduQ6capmcSI_16sweet_grass_core8activityNtB6_15ActivityBuilder13rhizo_sessionpEB8_
FN:442,_RINvMs6_NtCsduQ6capmcSI_16sweet_grass_core8activityNtB6_15ActivityBuilder14toadstool_taskpEB8_
FN:26,_RNvMNtCsduQ6capmcSI_16sweet_grass_core8activityNtB2_10ActivityId9from_task
FN:230,_RNvMs4_NtCsduQ6capmcSI_16sweet_grass_core8activityNtB5_10UsedEntity3new
FN:241,_RNvMs4_NtCsduQ6capmcSI_16sweet_grass_core8activityNtB5_10UsedEntity9with_role
FN:248,_RNvMs4_NtCsduQ6capmcSI_16sweet_grass_core8activityNtB5_10UsedEntity9with_time
FN:400,_RNvMs6_NtCsduQ6capmcSI_16sweet_grass_core8activityNtB5_15ActivityBuilder4uses
FN:449,_RNvMs6_NtCsduQ6capmcSI_16sweet_grass_core8activityNtB5_15ActivityBuilder8metadata
FN:50,_RNvXs0_NtCsduQ6capmcSI_16sweet_grass_core8activityNtB5_10ActivityIdNtNtCs9sjCchOt1K7_4core3fmt7Display3fmt
FN:146,_RNvXs1_NtCsduQ6capmcSI_16sweet_grass_core8activityNtB5_12ActivityTypeNtNtCs9sjCchOt1K7_4core7default7Default7default
FN:152,_RNvXs2_NtCsduQ6capmcSI_16sweet_grass_core8activityNtB5_12ActivityTypeNtNtCs9sjCchOt1K7_4core3fmt7Display3fmt
FN:180,_RNvXs3_NtCsduQ6capmcSI_16sweet_grass_core8activityNtB5_10EntityRoleNtNtCs9sjCchOt1K7_4core7default7Default7default
FN:44,_RNvXs_NtCsduQ6capmcSI_16sweet_grass_core8activityNtB4_10ActivityIdNtNtCs9sjCchOt1K7_4core7default7Default7default
FN:485,_RNvNtNtCsduQ6capmcSI_16sweet_grass_core8activity5testss_21test_activity_builder
FN:498,_RNvNtNtCsduQ6capmcSI_16sweet_grass_core8activity5testss_22test_activity_duration
FN:509,_RNvNtNtCsduQ6capmcSI_16sweet_grass_core8activity5testss_24test_activity_incomplete
FN:477,_RNvNtNtCsduQ6capmcSI_16sweet_grass_core8activity5testss_27test_activity_id_generation
FN:516,_RNvNtNtCsduQ6capmcSI_16sweet_grass_core8activity5testss_27test_activity_serialization
FN:20,_RNvMNtCsduQ6capmcSI_16sweet_grass_core8activityNtB2_10ActivityId3new
FN:38,_RNvMNtCsduQ6capmcSI_16sweet_grass_core8activityNtB2_10ActivityId6as_str
FN:354,_RNvMs5_NtCsduQ6capmcSI_16sweet_grass_core8activityNtB5_8Activity11duration_ns
FN:361,_RNvMs5_NtCsduQ6capmcSI_16sweet_grass_core8activityNtB5_8Activity11is_complete
FN:367,_RNvMs5_NtCsduQ6capmcSI_16sweet_grass_core8activityNtB5_8Activity13primary_agent
FN:348,_RNvMs5_NtCsduQ6capmcSI_16sweet_grass_core8activityNtB5_8Activity7builder
FN:414,_RNvMs6_NtCsduQ6capmcSI_16sweet_grass_core8activityNtB5_15ActivityBuilder10started_at
FN:428,_RNvMs6_NtCsduQ6capmcSI_16sweet_grass_core8activityNtB5_15ActivityBuilder13compute_units
FN:407,_RNvMs6_NtCsduQ6capmcSI_16sweet_grass_core8activityNtB5_15ActivityBuilder15associated_with
FN:386,_RNvMs6_NtCsduQ6capmcSI_16sweet_grass_core8activityNtB5_15ActivityBuilder3new
FN:456,_RNvMs6_NtCsduQ6capmcSI_16sweet_grass_core8activityNtB5_15ActivityBuilder5build
FN:421,_RNvMs6_NtCsduQ6capmcSI_16sweet_grass_core8activityNtB5_15ActivityBuilder8ended_at
FNDA:19,_RNvMNtCsa0ZJ84hKss5_16sweet_grass_core8activityNtB2_10ActivityId3new
FNDA:10,_RNvMNtCsa0ZJ84hKss5_16sweet_grass_core8activityNtB2_10ActivityId6as_str
FNDA:1,_RNvMNtCsa0ZJ84hKss5_16sweet_grass_core8activityNtB2_10ActivityId9from_task
FNDA:14,_RNvMs4_NtCsa0ZJ84hKss5_16sweet_grass_core8activityNtB5_10UsedEntity3new
FNDA:0,_RNvMs4_NtCsa0ZJ84hKss5_16sweet_grass_core8activityNtB5_10UsedEntity9with_role
FNDA:0,_RNvMs4_NtCsa0ZJ84hKss5_16sweet_grass_core8activityNtB5_10UsedEntity9with_time
FNDA:0,_RNvMs5_NtCsa0ZJ84hKss5_16sweet_grass_core8activityNtB5_8Activity11duration_ns
FNDA:0,_RNvMs5_NtCsa0ZJ84hKss5_16sweet_grass_core8activityNtB5_8Activity11is_complete
FNDA:0,_RNvMs5_NtCsa0ZJ84hKss5_16sweet_grass_core8activityNtB5_8Activity13primary_agent
FNDA:19,_RNvMs5_NtCsa0ZJ84hKss5_16sweet_grass_core8activityNtB5_8Activity7builder
FNDA:10,_RNvMs6_NtCsa0ZJ84hKss5_16sweet_grass_core8activityNtB5_15ActivityBuilder10started_at
FNDA:12,_RNvMs6_NtCsa0ZJ84hKss5_16sweet_grass_core8activityNtB5_15ActivityBuilder13compute_units
FNDA:18,_RNvMs6_NtCsa0ZJ84hKss5_16sweet_grass_core8activityNtB5_15ActivityBuilder15associated_with
FNDA:19,_RNvMs6_NtCsa0ZJ84hKss5_16sweet_grass_core8activityNtB5_15ActivityBuilder3new
FNDA:10,_RNvMs6_NtCsa0ZJ84hKss5_16sweet_grass_core8activityNtB5_15ActivityBuilder4uses
FNDA:19,_RNvMs6_NtCsa0ZJ84hKss5_16sweet_grass_core8activityNtB5_15ActivityBuilder5build
FNDA:7,_RNvMs6_NtCsa0ZJ84hKss5_16sweet_grass_core8activityNtB5_15ActivityBuilder8ended_at
FNDA:0,_RNvMs6_NtCsa0ZJ84hKss5_16sweet_grass_core8activityNtB5_15ActivityBuilder8metadata
FNDA:0,_RNvXs0_NtCsa0ZJ84hKss5_16sweet_grass_core8activityNtB5_10ActivityIdNtNtCs9sjCchOt1K7_4core3fmt7Display3fmt
FNDA:0,_RNvXs1_NtCsa0ZJ84hKss5_16sweet_grass_core8activityNtB5_12ActivityTypeNtNtCs9sjCchOt1K7_4core7default7Default7default
FNDA:35,_RNvXs2_NtCsa0ZJ84hKss5_16sweet_grass_core8activityNtB5_12ActivityTypeNtNtCs9sjCchOt1K7_4core3fmt7Display3fmt
FNDA:14,_RNvXs3_NtCsa0ZJ84hKss5_16sweet_grass_core8activityNtB5_10EntityRoleNtNtCs9sjCchOt1K7_4core7default7Default7default
FNDA:0,_RNvXs_NtCsa0ZJ84hKss5_16sweet_grass_core8activityNtB4_10ActivityIdNtNtCs9sjCchOt1K7_4core7default7Default7default
FNDA:0,_RNCNvMs5_NtCsa0ZJ84hKss5_16sweet_grass_core8activityNtB7_8Activity11duration_ns0B9_
FNDA:0,_RNCNvMs5_NtCsa0ZJ84hKss5_16sweet_grass_core8activityNtB7_8Activity13primary_agent0B9_
FNDA:0,_RINvMNtCsa0ZJ84hKss5_16sweet_grass_core8activityNtB3_10ActivityId11from_stringpEB5_
FNDA:0,_RINvMs6_NtCsa0ZJ84hKss5_16sweet_grass_core8activityNtB6_15ActivityBuilder13rhizo_sessionpEB8_
FNDA:0,_RINvMs6_NtCsa0ZJ84hKss5_16sweet_grass_core8activityNtB6_15ActivityBuilder14toadstool_taskpEB8_
FNDA:0,_RINvMNtCsa0ZJ84hKss5_16sweet_grass_core8activityNtB3_10ActivityId11from_stringNtNtCs6bBekJvxEMJ_5alloc6string6StringECs7hxHRAYyWAP_26sweet_grass_store_postgres
FNDA:4,_RINvMs6_NtCsa0ZJ84hKss5_16sweet_grass_core8activityNtB6_15ActivityBuilder13rhizo_sessionRNtNtCs6bBekJvxEMJ_5alloc6string6StringECsbY6LdEOIC22_23sweet_grass_compression
FNDA:6,_RINvMs6_NtCsa0ZJ84hKss5_16sweet_grass_core8activityNtB6_15ActivityBuilder13rhizo_sessionRNtNtCs6bBekJvxEMJ_5alloc6string6StringECslQATw0AokWy_23sweet_grass_compression
FNDA:1,_RNCNvMs5_NtCsduQ6capmcSI_16sweet_grass_core8activityNtB7_8Activity11duration_ns0B9_
FNDA:1,_RNCNvMs5_NtCsduQ6capmcSI_16sweet_grass_core8activityNtB7_8Activity13primary_agent0B9_
FNDA:0,_RINvMNtCsduQ6capmcSI_16sweet_grass_core8activityNtB3_10ActivityId11from_stringpEB5_
FNDA:0,_RINvMs6_NtCsduQ6capmcSI_16sweet_grass_core8activityNtB6_15ActivityBuilder13rhizo_sessionpEB8_
FNDA:0,_RINvMs6_NtCsduQ6capmcSI_16sweet_grass_core8activityNtB6_15ActivityBuilder14toadstool_taskpEB8_
FNDA:0,_RNvMNtCsduQ6capmcSI_16sweet_grass_core8activityNtB2_10ActivityId9from_task
FNDA:0,_RNvMs4_NtCsduQ6capmcSI_16sweet_grass_core8activityNtB5_10UsedEntity3new
FNDA:0,_RNvMs4_NtCsduQ6capmcSI_16sweet_grass_core8activityNtB5_10UsedEntity9with_role
FNDA:0,_RNvMs4_NtCsduQ6capmcSI_16sweet_grass_core8activityNtB5_10UsedEntity9with_time
FNDA:0,_RNvMs6_NtCsduQ6capmcSI_16sweet_grass_core8activityNtB5_15ActivityBuilder4uses
FNDA:0,_RNvMs6_NtCsduQ6capmcSI_16sweet_grass_core8activityNtB5_15ActivityBuilder8metadata
FNDA:0,_RNvXs0_NtCsduQ6capmcSI_16sweet_grass_core8activityNtB5_10ActivityIdNtNtCs9sjCchOt1K7_4core3fmt7Display3fmt
FNDA:0,_RNvXs1_NtCsduQ6capmcSI_16sweet_grass_core8activityNtB5_12ActivityTypeNtNtCs9sjCchOt1K7_4core7default7Default7default
FNDA:0,_RNvXs2_NtCsduQ6capmcSI_16sweet_grass_core8activityNtB5_12ActivityTypeNtNtCs9sjCchOt1K7_4core3fmt7Display3fmt
FNDA:0,_RNvXs3_NtCsduQ6capmcSI_16sweet_grass_core8activityNtB5_10EntityRoleNtNtCs9sjCchOt1K7_4core7default7Default7default
FNDA:0,_RNvXs_NtCsduQ6capmcSI_16sweet_grass_core8activityNtB4_10ActivityIdNtNtCs9sjCchOt1K7_4core7default7Default7default
FNDA:1,_RNvNtNtCsduQ6capmcSI_16sweet_grass_core8activity5testss_21test_activity_builder
FNDA:1,_RNvNtNtCsduQ6capmcSI_16sweet_grass_core8activity5testss_22test_activity_duration
FNDA:1,_RNvNtNtCsduQ6capmcSI_16sweet_grass_core8activity5testss_24test_activity_incomplete
FNDA:1,_RNvNtNtCsduQ6capmcSI_16sweet_grass_core8activity5testss_27test_activity_id_generation
FNDA:1,_RNvNtNtCsduQ6capmcSI_16sweet_grass_core8activity5testss_27test_activity_serialization
FNDA:6,_RNvMNtCsduQ6capmcSI_16sweet_grass_core8activityNtB2_10ActivityId3new
FNDA:1,_RNvMNtCsduQ6capmcSI_16sweet_grass_core8activityNtB2_10ActivityId6as_str
FNDA:2,_RNvMs5_NtCsduQ6capmcSI_16sweet_grass_core8activityNtB5_8Activity11duration_ns
FNDA:2,_RNvMs5_NtCsduQ6capmcSI_16sweet_grass_core8activityNtB5_8Activity11is_complete
FNDA:1,_RNvMs5_NtCsduQ6capmcSI_16sweet_grass_core8activityNtB5_8Activity13primary_agent
FNDA:4,_RNvMs5_NtCsduQ6capmcSI_16sweet_grass_core8activityNtB5_8Activity7builder
FNDA:1,_RNvMs6_NtCsduQ6capmcSI_16sweet_grass_core8activityNtB5_15ActivityBuilder10started_at
FNDA:2,_RNvMs6_NtCsduQ6capmcSI_16sweet_grass_core8activityNtB5_15ActivityBuilder13compute_units
FNDA:1,_RNvMs6_NtCsduQ6capmcSI_16sweet_grass_core8activityNtB5_15ActivityBuilder15associated_with
FNDA:4,_RNvMs6_NtCsduQ6capmcSI_16sweet_grass_core8activityNtB5_15ActivityBuilder3new
FNDA:4,_RNvMs6_NtCsduQ6capmcSI_16sweet_grass_core8activityNtB5_15ActivityBuilder5build
FNDA:1,_RNvMs6_NtCsduQ6capmcSI_16sweet_grass_core8activityNtB5_15ActivityBuilder8ended_at
FNF:33
FNH:25
DA:20,25
DA:21,25
DA:22,25
DA:26,1
DA:27,1
DA:28,1
DA:32,0
DA:33,0
DA:34,0
DA:38,11
DA:39,11
DA:40,11
DA:44,0
DA:45,0
DA:46,0
DA:50,0
DA:51,0
DA:52,0
DA:146,0
DA:147,0
DA:148,0
DA:152,35
DA:153,35
DA:154,0
DA:155,35
DA:157,35
DA:180,14
DA:181,14
DA:182,14
DA:230,14
DA:231,14
DA:232,14
DA:233,14
DA:234,14
DA:235,14
DA:236,14
DA:237,14
DA:241,0
DA:242,0
DA:243,0
DA:244,0
DA:248,0
DA:249,0
DA:250,0
DA:251,0
DA:348,23
DA:349,23
DA:350,23
DA:354,2
DA:355,2
DA:356,2
DA:357,2
DA:361,2
DA:362,2
DA:363,2
DA:367,1
DA:368,1
DA:369,1
DA:386,23
DA:387,23
DA:388,23
DA:389,23
DA:390,23
DA:391,23
DA:392,23
DA:393,23
DA:394,23
DA:395,23
DA:396,23
DA:400,10
DA:401,10
DA:402,10
DA:403,10
DA:407,19
DA:408,19
DA:409,19
DA:410,19
DA:414,11
DA:415,11
DA:416,11
DA:417,11
DA:421,8
DA:422,8
DA:423,8
DA:424,8
DA:428,14
DA:429,14
DA:430,14
DA:431,14
DA:435,10
DA:436,10
DA:437,10
DA:438,10
DA:442,0
DA:443,0
DA:444,0
DA:445,0
DA:449,0
DA:450,0
DA:451,0
DA:452,0
DA:456,23
DA:457,23
DA:458,23
DA:459,23
DA:460,23
DA:461,23
DA:462,23
DA:463,23
DA:464,23
DA:465,23
DA:466,23
DA:467,23
DA:477,1
DA:478,1
DA:479,1
DA:480,1
DA:481,1
DA:482,1
DA:485,1
DA:486,1
DA:487,1
DA:488,1
DA:489,1
DA:490,1
DA:491,1
DA:492,1
DA:493,1
DA:494,1
DA:495,1
DA:498,1
DA:499,1
DA:500,1
DA:501,1
DA:502,1
DA:503,1
DA:504,1
DA:505,1
DA:506,1
DA:509,1
DA:510,1
DA:511,1
DA:512,1
DA:513,1
DA:516,1
DA:517,1
DA:518,1
DA:519,1
DA:520,1
DA:521,1
DA:522,1
DA:523,1
DA:525,1
DA:526,1
DA:527,1
BRF:0
BRH:0
LF:157
LH:128
end_of_record
SF:/home/strandgate/Development/ecoPrimals/phase2/sweetGrass/crates/sweet-grass-core/src/agent.rs
FN:15,_RINvMNtCsa0ZJ84hKss5_16sweet_grass_core5agentNtB3_3Did3newNtNtCs6bBekJvxEMJ_5alloc6string6StringEB5_
FN:15,_RINvMNtCsa0ZJ84hKss5_16sweet_grass_core5agentNtB3_3Did3newReEB5_
FN:21,_RNvMNtCsa0ZJ84hKss5_16sweet_grass_core5agentNtB2_3Did6as_str
FN:33,_RNvMNtCsa0ZJ84hKss5_16sweet_grass_core5agentNtB2_3Did6method
FN:27,_RNvMNtCsa0ZJ84hKss5_16sweet_grass_core5agentNtB2_3Did8is_valid
FN:161,_RNvMs5_NtCsa0ZJ84hKss5_16sweet_grass_core5agentNtB5_9AgentRole14default_weight
FN:221,_RNvMs6_NtCsa0ZJ84hKss5_16sweet_grass_core5agentNtB5_16AgentAssociation12is_delegated
FN:207,_RNvMs6_NtCsa0ZJ84hKss5_16sweet_grass_core5agentNtB5_16AgentAssociation12on_behalf_of
FN:196,_RNvMs6_NtCsa0ZJ84hKss5_16sweet_grass_core5agentNtB5_16AgentAssociation3new
FN:245,_RNvMs7_NtCsa0ZJ84hKss5_16sweet_grass_core5agentNtB5_5Agent6person
FN:48,_RNvXs0_NtCsa0ZJ84hKss5_16sweet_grass_core5agentNtB5_3DidINtNtCs9sjCchOt1K7_4core7convert4FromReE4from
FN:54,_RNvXs1_NtCsa0ZJ84hKss5_16sweet_grass_core5agentNtB5_3DidINtNtCs9sjCchOt1K7_4core7convert4FromNtNtCs6bBekJvxEMJ_5alloc6string6StringE4from
FN:98,_RNvXs2_NtCsa0ZJ84hKss5_16sweet_grass_core5agentNtB5_9AgentTypeNtNtCs9sjCchOt1K7_4core7default7Default7default
FN:144,_RNvXs3_NtCsa0ZJ84hKss5_16sweet_grass_core5agentNtB5_9AgentRoleNtNtCs9sjCchOt1K7_4core7default7Default7default
FN:150,_RNvXs4_NtCsa0ZJ84hKss5_16sweet_grass_core5agentNtB5_9AgentRoleNtNtCs9sjCchOt1K7_4core3fmt7Display3fmt
FN:42,_RNvXs_NtCsa0ZJ84hKss5_16sweet_grass_core5agentNtB4_3DidNtNtCs9sjCchOt1K7_4core3fmt7Display3fmt
FN:214,_RINvMs6_NtCsa0ZJ84hKss5_16sweet_grass_core5agentNtB6_16AgentAssociation9with_planpEB8_
FN:273,_RINvMs7_NtCsa0ZJ84hKss5_16sweet_grass_core5agentNtB6_5Agent12organizationpEB8_
FN:255,_RINvMs7_NtCsa0ZJ84hKss5_16sweet_grass_core5agentNtB6_5Agent8softwareppEB8_
FN:214,_RINvMs6_NtCsduQ6capmcSI_16sweet_grass_core5agentNtB6_16AgentAssociation9with_planpEB8_
FN:273,_RINvMs7_NtCsduQ6capmcSI_16sweet_grass_core5agentNtB6_5Agent12organizationpEB8_
FN:21,_RNvMNtCsduQ6capmcSI_16sweet_grass_core5agentNtB2_3Did6as_str
FN:54,_RNvXs1_NtCsduQ6capmcSI_16sweet_grass_core5agentNtB5_3DidINtNtCs9sjCchOt1K7_4core7convert4FromNtNtCs6bBekJvxEMJ_5alloc6string6StringE4from
FN:98,_RNvXs2_NtCsduQ6capmcSI_16sweet_grass_core5agentNtB5_9AgentTypeNtNtCs9sjCchOt1K7_4core7default7Default7default
FN:144,_RNvXs3_NtCsduQ6capmcSI_16sweet_grass_core5agentNtB5_9AgentRoleNtNtCs9sjCchOt1K7_4core7default7Default7default
FN:150,_RNvXs4_NtCsduQ6capmcSI_16sweet_grass_core5agentNtB5_9AgentRoleNtNtCs9sjCchOt1K7_4core3fmt7Display3fmt
FN:42,_RNvXs_NtCsduQ6capmcSI_16sweet_grass_core5agentNtB4_3DidNtNtCs9sjCchOt1K7_4core3fmt7Display3fmt
FN:299,_RNvNtNtCsduQ6capmcSI_16sweet_grass_core5agent5testss_16test_did_invalid
FN:334,_RNvNtNtCsduQ6capmcSI_16sweet_grass_core5agent5testss_17test_agent_person
FN:292,_RNvNtNtCsduQ6capmcSI_16sweet_grass_core5agent5testss_17test_did_creation
FN:344,_RNvNtNtCsduQ6capmcSI_16sweet_grass_core5agent5testss_19test_agent_software
FN:306,_RNvNtNtCsduQ6capmcSI_16sweet_grass_core5agent5testss_20test_did_from_string
FN:322,_RNvNtNtCsduQ6capmcSI_16sweet_grass_core5agent5testss_22test_agent_association
FN:313,_RNvNtNtCsduQ6capmcSI_16sweet_grass_core5agent5testss_23test_agent_role_weights
FN:357,_RNvNtNtCsduQ6capmcSI_16sweet_grass_core5agent5testss_24test_agent_serialization
FN:15,_RINvMNtCsduQ6capmcSI_16sweet_grass_core5agentNtB3_3Did3newNtNtCs6bBekJvxEMJ_5alloc6string6StringEB5_
FN:15,_RINvMNtCsduQ6capmcSI_16sweet_grass_core5agentNtB3_3Did3newReEB5_
FN:255,_RINvMs7_NtCsduQ6capmcSI_16sweet_grass_core5agentNtB6_5Agent8softwareReB14_EB8_
FN:33,_RNvMNtCsduQ6capmcSI_16sweet_grass_core5agentNtB2_3Did6method
FN:27,_RNvMNtCsduQ6capmcSI_16sweet_grass_core5agentNtB2_3Did8is_valid
FN:161,_RNvMs5_NtCsduQ6capmcSI_16sweet_grass_core5agentNtB5_9AgentRole14default_weight
FN:221,_RNvMs6_NtCsduQ6capmcSI_16sweet_grass_core5agentNtB5_16AgentAssociation12is_delegated
FN:207,_RNvMs6_NtCsduQ6capmcSI_16sweet_grass_core5agentNtB5_16AgentAssociation12on_behalf_of
FN:196,_RNvMs6_NtCsduQ6capmcSI_16sweet_grass_core5agentNtB5_16AgentAssociation3new
FN:245,_RNvMs7_NtCsduQ6capmcSI_16sweet_grass_core5agentNtB5_5Agent6person
FN:48,_RNvXs0_NtCsduQ6capmcSI_16sweet_grass_core5agentNtB5_3DidINtNtCs9sjCchOt1K7_4core7convert4FromReE4from
FN:15,_RINvMNtCsa0ZJ84hKss5_16sweet_grass_core5agentNtB3_3Did3newRNtNtCs6bBekJvxEMJ_5alloc6string6StringECsdjAd9q7fPo9_19sweet_grass_service
FN:15,_RINvMNtCsa0ZJ84hKss5_16sweet_grass_core5agentNtB3_3Did3newRNtNtCs6bBekJvxEMJ_5alloc6string6StringECsZK8v8cnrxE_19sweet_grass_service
FNDA:3827,_RINvMNtCsa0ZJ84hKss5_16sweet_grass_core5agentNtB3_3Did3newNtNtCs6bBekJvxEMJ_5alloc6string6StringEB5_
FNDA:436,_RINvMNtCsa0ZJ84hKss5_16sweet_grass_core5agentNtB3_3Did3newReEB5_
FNDA:1552,_RNvMNtCsa0ZJ84hKss5_16sweet_grass_core5agentNtB2_3Did6as_str
FNDA:0,_RNvMNtCsa0ZJ84hKss5_16sweet_grass_core5agentNtB2_3Did6method
FNDA:0,_RNvMNtCsa0ZJ84hKss5_16sweet_grass_core5agentNtB2_3Did8is_valid
FNDA:0,_RNvMs5_NtCsa0ZJ84hKss5_16sweet_grass_core5agentNtB5_9AgentRole14default_weight
FNDA:0,_RNvMs6_NtCsa0ZJ84hKss5_16sweet_grass_core5agentNtB5_16AgentAssociation12is_delegated
FNDA:0,_RNvMs6_NtCsa0ZJ84hKss5_16sweet_grass_core5agentNtB5_16AgentAssociation12on_behalf_of
FNDA:18,_RNvMs6_NtCsa0ZJ84hKss5_16sweet_grass_core5agentNtB5_16AgentAssociation3new
FNDA:0,_RNvMs7_NtCsa0ZJ84hKss5_16sweet_grass_core5agentNtB5_5Agent6person
FNDA:0,_RNvXs0_NtCsa0ZJ84hKss5_16sweet_grass_core5agentNtB5_3DidINtNtCs9sjCchOt1K7_4core7convert4FromReE4from
FNDA:0,_RNvXs1_NtCsa0ZJ84hKss5_16sweet_grass_core5agentNtB5_3DidINtNtCs9sjCchOt1K7_4core7convert4FromNtNtCs6bBekJvxEMJ_5alloc6string6StringE4from
FNDA:0,_RNvXs2_NtCsa0ZJ84hKss5_16sweet_grass_core5agentNtB5_9AgentTypeNtNtCs9sjCchOt1K7_4core7default7Default7default
FNDA:0,_RNvXs3_NtCsa0ZJ84hKss5_16sweet_grass_core5agentNtB5_9AgentRoleNtNtCs9sjCchOt1K7_4core7default7Default7default
FNDA:0,_RNvXs4_NtCsa0ZJ84hKss5_16sweet_grass_core5agentNtB5_9AgentRoleNtNtCs9sjCchOt1K7_4core3fmt7Display3fmt
FNDA:4,_RNvXs_NtCsa0ZJ84hKss5_16sweet_grass_core5agentNtB4_3DidNtNtCs9sjCchOt1K7_4core3fmt7Display3fmt
FNDA:0,_RINvMs6_NtCsa0ZJ84hKss5_16sweet_grass_core5agentNtB6_16AgentAssociation9with_planpEB8_
FNDA:0,_RINvMs7_NtCsa0ZJ84hKss5_16sweet_grass_core5agentNtB6_5Agent12organizationpEB8_
FNDA:0,_RINvMs7_NtCsa0ZJ84hKss5_16sweet_grass_core5agentNtB6_5Agent8softwareppEB8_
FNDA:0,_RINvMs6_NtCsduQ6capmcSI_16sweet_grass_core5agentNtB6_16AgentAssociation9with_planpEB8_
FNDA:0,_RINvMs7_NtCsduQ6capmcSI_16sweet_grass_core5agentNtB6_5Agent12organizationpEB8_
FNDA:0,_RNvMNtCsduQ6capmcSI_16sweet_grass_core5agentNtB2_3Did6as_str
FNDA:0,_RNvXs1_NtCsduQ6capmcSI_16sweet_grass_core5agentNtB5_3DidINtNtCs9sjCchOt1K7_4core7convert4FromNtNtCs6bBekJvxEMJ_5alloc6string6StringE4from
FNDA:0,_RNvXs2_NtCsduQ6capmcSI_16sweet_grass_core5agentNtB5_9AgentTypeNtNtCs9sjCchOt1K7_4core7default7Default7default
FNDA:0,_RNvXs3_NtCsduQ6capmcSI_16sweet_grass_core5agentNtB5_9AgentRoleNtNtCs9sjCchOt1K7_4core7default7Default7default
FNDA:0,_RNvXs4_NtCsduQ6capmcSI_16sweet_grass_core5agentNtB5_9AgentRoleNtNtCs9sjCchOt1K7_4core3fmt7Display3fmt
FNDA:0,_RNvXs_NtCsduQ6capmcSI_16sweet_grass_core5agentNtB4_3DidNtNtCs9sjCchOt1K7_4core3fmt7Display3fmt
FNDA:1,_RNvNtNtCsduQ6capmcSI_16sweet_grass_core5agent5testss_16test_did_invalid
FNDA:1,_RNvNtNtCsduQ6capmcSI_16sweet_grass_core5agent5testss_17test_agent_person
FNDA:1,_RNvNtNtCsduQ6capmcSI_16sweet_grass_core5agent5testss_17test_did_creation
FNDA:1,_RNvNtNtCsduQ6capmcSI_16sweet_grass_core5agent5testss_19test_agent_software
FNDA:1,_RNvNtNtCsduQ6capmcSI_16sweet_grass_core5agent5testss_20test_did_from_string
FNDA:1,_RNvNtNtCsduQ6capmcSI_16sweet_grass_core5agent5testss_22test_agent_association
FNDA:1,_RNvNtNtCsduQ6capmcSI_16sweet_grass_core5agent5testss_23test_agent_role_weights
FNDA:1,_RNvNtNtCsduQ6capmcSI_16sweet_grass_core5agent5testss_24test_agent_serialization
FNDA:768,_RINvMNtCsduQ6capmcSI_16sweet_grass_core5agentNtB3_3Did3newNtNtCs6bBekJvxEMJ_5alloc6string6StringEB5_
FNDA:19,_RINvMNtCsduQ6capmcSI_16sweet_grass_core5agentNtB3_3Did3newReEB5_
FNDA:1,_RINvMs7_NtCsduQ6capmcSI_16sweet_grass_core5agentNtB6_5Agent8softwareReB14_EB8_
FNDA:3,_RNvMNtCsduQ6capmcSI_16sweet_grass_core5agentNtB2_3Did6method
FNDA:6,_RNvMNtCsduQ6capmcSI_16sweet_grass_core5agentNtB2_3Did8is_valid
FNDA:3,_RNvMs5_NtCsduQ6capmcSI_16sweet_grass_core5agentNtB5_9AgentRole14default_weight
FNDA:1,_RNvMs6_NtCsduQ6capmcSI_16sweet_grass_core5agentNtB5_16AgentAssociation12is_delegated
FNDA:1,_RNvMs6_NtCsduQ6capmcSI_16sweet_grass_core5agentNtB5_16AgentAssociation12on_behalf_of
FNDA:2,_RNvMs6_NtCsduQ6capmcSI_16sweet_grass_core5agentNtB5_16AgentAssociation3new
FNDA:2,_RNvMs7_NtCsduQ6capmcSI_16sweet_grass_core5agentNtB5_5Agent6person
FNDA:1,_RNvXs0_NtCsduQ6capmcSI_16sweet_grass_core5agentNtB5_3DidINtNtCs9sjCchOt1K7_4core7convert4FromReE4from
FNDA:0,_RINvMNtCsa0ZJ84hKss5_16sweet_grass_core5agentNtB3_3Did3newRNtNtCs6bBekJvxEMJ_5alloc6string6StringECsdjAd9q7fPo9_19sweet_grass_service
FNDA:4,_RINvMNtCsa0ZJ84hKss5_16sweet_grass_core5agentNtB3_3Did3newRNtNtCs6bBekJvxEMJ_5alloc6string6StringECsZK8v8cnrxE_19sweet_grass_service
FNF:26
FNH:20
DA:15,5054
DA:16,5054
DA:17,5054
DA:21,1552
DA:22,1552
DA:23,1552
DA:27,6
DA:28,6
DA:29,6
DA:33,3
DA:34,3
DA:35,1
DA:36,2
DA:37,2
DA:38,3
DA:42,4
DA:43,4
DA:44,4
DA:48,1
DA:49,1
DA:50,1
DA:54,0
DA:55,0
DA:56,0
DA:98,0
DA:99,0
DA:100,0
DA:144,0
DA:145,0
DA:146,0
DA:150,0
DA:151,0
DA:152,0
DA:153,0
DA:155,0
DA:161,3
DA:162,3
DA:163,1
DA:164,1
DA:165,0
DA:166,0
DA:167,1
DA:168,0
DA:169,0
DA:170,0
DA:172,3
DA:196,20
DA:197,20
DA:198,20
DA:199,20
DA:200,20
DA:201,20
DA:202,20
DA:203,20
DA:207,1
DA:208,1
DA:209,1
DA:210,1
DA:214,0
DA:215,0
DA:216,0
DA:217,0
DA:221,1
DA:222,1
DA:223,1
DA:245,2
DA:246,2
DA:247,2
DA:248,2
DA:249,2
DA:250,2
DA:251,2
DA:255,1
DA:256,1
DA:257,1
DA:258,1
DA:259,1
DA:260,1
DA:261,1
DA:262,1
DA:263,1
DA:264,1
DA:265,1
DA:266,1
DA:267,1
DA:268,1
DA:269,1
DA:273,0
DA:274,0
DA:275,0
DA:276,0
DA:277,0
DA:278,0
DA:279,0
DA:280,0
DA:281,0
DA:282,0
DA:283,0
DA:292,1
DA:293,1
DA:294,1
DA:295,1
DA:296,1
DA:299,1
DA:300,1
DA:301,1
DA:302,1
DA:303,1
DA:306,1
DA:307,1
DA:308,1
DA:309,1
DA:310,1
DA:313,1
DA:314,1
DA:315,1
DA:316,1
DA:317,1
DA:318,1
DA:319,1
DA:322,1
DA:323,1
DA:324,1
DA:325,1
DA:326,1
DA:327,1
DA:328,1
DA:329,1
DA:330,1
DA:331,1
DA:334,1
DA:335,1
DA:336,1
DA:337,1
DA:338,1
DA:339,1
DA:340,1
DA:341,1
DA:344,1
DA:345,1
DA:346,1
DA:347,1
DA:348,1
DA:349,1
DA:350,1
DA:351,1
DA:352,1
DA:354,1
DA:357,1
DA:358,1
DA:359,1
DA:360,1
DA:361,1
DA:362,1
DA:363,1
DA:365,1
DA:366,1
DA:367,1
BRF:0
BRH:0
LF:158
LH:124
end_of_record
SF:/home/strandgate/Development/ecoPrimals/phase2/sweetGrass/crates/sweet-grass-core/src/braid.rs
FN:435,_RINvMs5_NtCsa0ZJ84hKss5_16sweet_grass_core5braidNtB6_12BraidBuilder9data_hashNtNtCs6bBekJvxEMJ_5alloc6string6StringECsbdDWz5NO8Tp_19sweet_grass_factory
FN:442,_RINvMs5_NtCsa0ZJ84hKss5_16sweet_grass_core5braidNtB6_12BraidBuilder9mime_typeReECsbdDWz5NO8Tp_19sweet_grass_factory
FN:48,_RNvMNtCsa0ZJ84hKss5_16sweet_grass_core5braidNtB2_7BraidId11from_string
FN:30,_RNvMNtCsa0ZJ84hKss5_16sweet_grass_core5braidNtB2_7BraidId3new
FN:42,_RNvMNtCsa0ZJ84hKss5_16sweet_grass_core5braidNtB2_7BraidId6as_str
FN:36,_RNvMNtCsa0ZJ84hKss5_16sweet_grass_core5braidNtB2_7BraidId9from_hash
FN:202,_RNvMs3_NtCsa0ZJ84hKss5_16sweet_grass_core5braidNtB5_14BraidSignature11new_ed25519
FN:215,_RNvMs3_NtCsa0ZJ84hKss5_16sweet_grass_core5braidNtB5_14BraidSignature8unsigned
FN:383,_RNvMs4_NtCsa0ZJ84hKss5_16sweet_grass_core5braidNtB5_5Braid11is_anchored
FN:395,_RNvMs4_NtCsa0ZJ84hKss5_16sweet_grass_core5braidNtB5_5Braid12content_hash
FN:401,_RNvMs4_NtCsa0ZJ84hKss5_16sweet_grass_core5braidNtB5_5Braid20compute_signing_hash
FN:377,_RNvMs4_NtCsa0ZJ84hKss5_16sweet_grass_core5braidNtB5_5Braid7builder
FN:389,_RNvMs4_NtCsa0ZJ84hKss5_16sweet_grass_core5braidNtB5_5Braid9is_signed
FN:456,_RNvMs5_NtCsa0ZJ84hKss5_16sweet_grass_core5braidNtB5_12BraidBuilder10braid_type
FN:470,_RNvMs5_NtCsa0ZJ84hKss5_16sweet_grass_core5braidNtB5_12BraidBuilder12derived_from
FN:463,_RNvMs5_NtCsa0ZJ84hKss5_16sweet_grass_core5braidNtB5_12BraidBuilder12generated_by
FN:477,_RNvMs5_NtCsa0ZJ84hKss5_16sweet_grass_core5braidNtB5_12BraidBuilder13attributed_to
FN:491,_RNvMs5_NtCsa0ZJ84hKss5_16sweet_grass_core5braidNtB5_12BraidBuilder4ecop
FN:449,_RNvMs5_NtCsa0ZJ84hKss5_16sweet_grass_core5braidNtB5_12BraidBuilder4size
FN:501,_RNvMs5_NtCsa0ZJ84hKss5_16sweet_grass_core5braidNtB5_12BraidBuilder5build
FN:484,_RNvMs5_NtCsa0ZJ84hKss5_16sweet_grass_core5braidNtB5_12BraidBuilder8metadata
FN:537,_RNvNtCsa0ZJ84hKss5_16sweet_grass_core5braid23current_timestamp_nanos
FN:60,_RNvXs0_NtCsa0ZJ84hKss5_16sweet_grass_core5braidNtB5_7BraidIdNtNtCs9sjCchOt1K7_4core3fmt7Display3fmt
FN:104,_RNvXs1_NtCsa0ZJ84hKss5_16sweet_grass_core5braidNtB5_9BraidTypeNtNtCs9sjCchOt1K7_4core7default7Default7default
FN:158,_RNvXs2_NtCsa0ZJ84hKss5_16sweet_grass_core5braidNtB5_12BraidContextNtNtCs9sjCchOt1K7_4core7default7Default7default
FN:54,_RNvXs_NtCsa0ZJ84hKss5_16sweet_grass_core5braidNtB4_7BraidIdNtNtCs9sjCchOt1K7_4core7default7Default7default
FN:549,_RINvNtNtCsa0ZJ84hKss5_16sweet_grass_core5braid3hex6encodeINtCs7YL0RsgwZ9U_13generic_array12GenericArrayhINtNtCs5ghkrjm3W6E_7typenum4uint4UIntIB1F_IB1F_IB1F_IB1F_IB1F_NtB1H_5UTermNtNtB1J_3bit2B1ENtB2S_2B0EB36_EB36_EB36_EB36_EEEB6_
FN:550,_RNCINvNtNtCsa0ZJ84hKss5_16sweet_grass_core5braid3hex6encodeINtCs7YL0RsgwZ9U_13generic_array12GenericArrayhINtNtCs5ghkrjm3W6E_7typenum4uint4UIntIB1H_IB1H_IB1H_IB1H_IB1H_NtB1J_5UTermNtNtB1L_3bit2B1ENtB2U_2B0EB38_EB38_EB38_EB38_EEE0B8_
FN:504,_RNCNvMs5_NtCsa0ZJ84hKss5_16sweet_grass_core5braidNtB7_12BraidBuilder5build0B9_
FN:510,_RNCNvMs5_NtCsa0ZJ84hKss5_16sweet_grass_core5braidNtB7_12BraidBuilder5builds0_0B9_
FN:511,_RNCNvMs5_NtCsa0ZJ84hKss5_16sweet_grass_core5braidNtB7_12BraidBuilder5builds1_0B9_
FN:507,_RNCNvMs5_NtCsa0ZJ84hKss5_16sweet_grass_core5braidNtB7_12BraidBuilder5builds_0B9_
FN:541,_RNCNvNtCsa0ZJ84hKss5_16sweet_grass_core5braid23current_timestamp_nanos0B5_
FN:435,_RINvMs5_NtCsa0ZJ84hKss5_16sweet_grass_core5braidNtB6_12BraidBuilder9data_hashpEB8_
FN:442,_RINvMs5_NtCsa0ZJ84hKss5_16sweet_grass_core5braidNtB6_12BraidBuilder9mime_typepEB8_
FN:435,_RINvMs5_NtCsa0ZJ84hKss5_16sweet_grass_core5braidNtB6_12BraidBuilder9data_hashNtNtCs6bBekJvxEMJ_5alloc6string6StringECscy77UfsAwxJ_11integration
FN:435,_RINvMs5_NtCsa0ZJ84hKss5_16sweet_grass_core5braidNtB6_12BraidBuilder9data_hashReECscy77UfsAwxJ_11integration
FN:442,_RINvMs5_NtCsa0ZJ84hKss5_16sweet_grass_core5braidNtB6_12BraidBuilder9mime_typeReECscy77UfsAwxJ_11integration
FN:435,_RINvMs5_NtCsa0ZJ84hKss5_16sweet_grass_core5braidNtB6_12BraidBuilder9data_hashRNtNtCs6bBekJvxEMJ_5alloc6string6StringECs7hxHRAYyWAP_26sweet_grass_store_postgres
FN:442,_RINvMs5_NtCsa0ZJ84hKss5_16sweet_grass_core5braidNtB6_12BraidBuilder9mime_typeRNtNtCs6bBekJvxEMJ_5alloc6string6StringECs7hxHRAYyWAP_26sweet_grass_store_postgres
FN:435,_RINvMs5_NtCsa0ZJ84hKss5_16sweet_grass_core5braidNtB6_12BraidBuilder9data_hashRNtNtCs6bBekJvxEMJ_5alloc6string6StringECsbY6LdEOIC22_23sweet_grass_compression
FN:442,_RINvMs5_NtCsa0ZJ84hKss5_16sweet_grass_core5braidNtB6_12BraidBuilder9mime_typeRNtNtCs6bBekJvxEMJ_5alloc6string6StringECsbY6LdEOIC22_23sweet_grass_compression
FN:435,_RINvMs5_NtCsa0ZJ84hKss5_16sweet_grass_core5braidNtB6_12BraidBuilder9data_hashRNtNtCs6bBekJvxEMJ_5alloc6string6StringECslQATw0AokWy_23sweet_grass_compression
FN:435,_RINvMs5_NtCsa0ZJ84hKss5_16sweet_grass_core5braidNtB6_12BraidBuilder9data_hashReECslQATw0AokWy_23sweet_grass_compression
FN:442,_RINvMs5_NtCsa0ZJ84hKss5_16sweet_grass_core5braidNtB6_12BraidBuilder9mime_typeRNtNtCs6bBekJvxEMJ_5alloc6string6StringECslQATw0AokWy_23sweet_grass_compression
FN:435,_RINvMs5_NtCsduQ6capmcSI_16sweet_grass_core5braidNtB6_12BraidBuilder9data_hashRNtNtCs6bBekJvxEMJ_5alloc6string6StringEB8_
FN:435,_RINvMs5_NtCsduQ6capmcSI_16sweet_grass_core5braidNtB6_12BraidBuilder9data_hashReEB8_
FN:442,_RINvMs5_NtCsduQ6capmcSI_16sweet_grass_core5braidNtB6_12BraidBuilder9mime_typeRNtNtCs6bBekJvxEMJ_5alloc6string6StringEB8_
FN:442,_RINvMs5_NtCsduQ6capmcSI_16sweet_grass_core5braidNtB6_12BraidBuilder9mime_typeReEB8_
FN:504,_RNCNvMs5_NtCsduQ6capmcSI_16sweet_grass_core5braidNtB7_12BraidBuilder5build0B9_
FN:510,_RNCNvMs5_NtCsduQ6capmcSI_16sweet_grass_core5braidNtB7_12BraidBuilder5builds0_0B9_
FN:511,_RNCNvMs5_NtCsduQ6capmcSI_16sweet_grass_core5braidNtB7_12BraidBuilder5builds1_0B9_
[...]
FNDA:0,_RNvXs1_NtCs2vbG1lxBQSc_17sweet_grass_store6memoryNtB5_11MemoryStoreNtNtB7_6traits10IndexStore13unindex_braid
FNDA:0,_RNvXs_NtCs2vbG1lxBQSc_17sweet_grass_store6memoryNtB4_11MemoryStoreNtNtCs9sjCchOt1K7_4core7default7Default7default
FNDA:24,_RNvNtNtCs2vbG1lxBQSc_17sweet_grass_store6memory5tests15make_test_braid
FNDA:1,_RNvNtNtCs2vbG1lxBQSc_17sweet_grass_store6memory5testss_10test_clear
FNDA:1,_RNvNtNtCs2vbG1lxBQSc_17sweet_grass_store6memory5testss_11test_by_tag
FNDA:1,_RNvNtNtCs2vbG1lxBQSc_17sweet_grass_store6memory5testss_11test_delete
FNDA:1,_RNvNtNtCs2vbG1lxBQSc_17sweet_grass_store6memory5testss_13test_by_agent
FNDA:1,_RNvNtNtCs2vbG1lxBQSc_17sweet_grass_store6memory5testss_16test_get_by_hash
FNDA:1,_RNvNtNtCs2vbG1lxBQSc_17sweet_grass_store6memory5testss_16test_put_and_get
FNDA:1,_RNvNtNtCs2vbG1lxBQSc_17sweet_grass_store6memory5testss_17test_by_mime_type
FNDA:1,_RNvNtNtCs2vbG1lxBQSc_17sweet_grass_store6memory5testss_18test_index_rebuild
FNDA:1,_RNvNtNtCs2vbG1lxBQSc_17sweet_grass_store6memory5testss_21test_activity_storage
FNDA:1,_RNvNtNtCs2vbG1lxBQSc_17sweet_grass_store6memory5testss_21test_query_pagination
FNDA:1,_RNvNtNtCs2vbG1lxBQSc_17sweet_grass_store6memory5testss_22test_query_with_filter
FNDA:1,_RNvNtNtCs2vbG1lxBQSc_17sweet_grass_store6memory5testss_24test_duplicate_rejection
FNDA:2,_RNvMNtCs2vbG1lxBQSc_17sweet_grass_store6memoryNtB2_11MemoryStore3len
FNDA:12,_RNvMNtCs2vbG1lxBQSc_17sweet_grass_store6memoryNtB2_11MemoryStore3new
FNDA:1,_RNvMNtCs2vbG1lxBQSc_17sweet_grass_store6memoryNtB2_11MemoryStore5clear
FNDA:2,_RNvMNtCs2vbG1lxBQSc_17sweet_grass_store6memoryNtB2_11MemoryStore8is_empty
FNDA:3,_RNvXs0_NtCs2vbG1lxBQSc_17sweet_grass_store6memoryNtB5_11MemoryStoreNtNtB7_6traits10BraidStore11get_by_hash
FNDA:1,_RNvXs0_NtCs2vbG1lxBQSc_17sweet_grass_store6memoryNtB5_11MemoryStoreNtNtB7_6traits10BraidStore12get_activity
FNDA:1,_RNvXs0_NtCs2vbG1lxBQSc_17sweet_grass_store6memoryNtB5_11MemoryStoreNtNtB7_6traits10BraidStore12put_activity
FNDA:1,_RNvXs0_NtCs2vbG1lxBQSc_17sweet_grass_store6memoryNtB5_11MemoryStoreNtNtB7_6traits10BraidStore3get
FNDA:25,_RNvXs0_NtCs2vbG1lxBQSc_17sweet_grass_store6memoryNtB5_11MemoryStoreNtNtB7_6traits10BraidStore3put
FNDA:2,_RNvXs0_NtCs2vbG1lxBQSc_17sweet_grass_store6memoryNtB5_11MemoryStoreNtNtB7_6traits10BraidStore5query
FNDA:1,_RNvXs0_NtCs2vbG1lxBQSc_17sweet_grass_store6memoryNtB5_11MemoryStoreNtNtB7_6traits10BraidStore6delete
FNDA:2,_RNvXs0_NtCs2vbG1lxBQSc_17sweet_grass_store6memoryNtB5_11MemoryStoreNtNtB7_6traits10BraidStore6exists
FNDA:1,_RNvXs0_NtCs2vbG1lxBQSc_17sweet_grass_store6memoryNtB5_11MemoryStoreNtNtB7_6traits10BraidStore8by_agent
FNDA:1,_RNvXs1_NtCs2vbG1lxBQSc_17sweet_grass_store6memoryNtB5_11MemoryStoreNtNtB7_6traits10IndexStore12by_mime_type
FNDA:1,_RNvXs1_NtCs2vbG1lxBQSc_17sweet_grass_store6memoryNtB5_11MemoryStoreNtNtB7_6traits10IndexStore6by_tag
FNDA:1,_RNvXs1_NtCs2vbG1lxBQSc_17sweet_grass_store6memoryNtB5_11MemoryStoreNtNtB7_6traits10IndexStore7rebuild
FNDA:0,_RNCNCNvXs0_NtCs2vbG1lxBQSc_17sweet_grass_store6memoryNtB9_11MemoryStoreNtNtBb_6traits10BraidStore11get_by_hash00Bb_
FNDA:0,_RNCNCNvXs0_NtCs2vbG1lxBQSc_17sweet_grass_store6memoryNtB9_11MemoryStoreNtNtBb_6traits10BraidStore12get_activity00Bb_
FNDA:0,_RNCNCNvXs0_NtCs2vbG1lxBQSc_17sweet_grass_store6memoryNtB9_11MemoryStoreNtNtBb_6traits10BraidStore12put_activity00Bb_
FNDA:0,_RNCNCNvXs0_NtCs2vbG1lxBQSc_17sweet_grass_store6memoryNtB9_11MemoryStoreNtNtBb_6traits10BraidStore3get00Bb_
FNDA:0,_RNCNCNvXs0_NtCs2vbG1lxBQSc_17sweet_grass_store6memoryNtB9_11MemoryStoreNtNtBb_6traits10BraidStore3put00Bb_
FNDA:0,_RNCNCNvXs0_NtCs2vbG1lxBQSc_17sweet_grass_store6memoryNtB9_11MemoryStoreNtNtBb_6traits10BraidStore3put0s_0Bb_
FNDA:0,_RNCNCNvXs0_NtCs2vbG1lxBQSc_17sweet_grass_store6memoryNtB9_11MemoryStoreNtNtBb_6traits10BraidStore5query00Bb_
FNDA:13,_RNCNCNvXs0_NtCs2vbG1lxBQSc_17sweet_grass_store6memoryNtB9_11MemoryStoreNtNtBb_6traits10BraidStore5query0s_0Bb_
FNDA:0,_RNCNCNvXs0_NtCs2vbG1lxBQSc_17sweet_grass_store6memoryNtB9_11MemoryStoreNtNtBb_6traits10BraidStore6delete00Bb_
FNDA:0,_RNCNCNvXs0_NtCs2vbG1lxBQSc_17sweet_grass_store6memoryNtB9_11MemoryStoreNtNtBb_6traits10BraidStore6exists00Bb_
FNDA:0,_RNCNCNvXs0_NtCs2vbG1lxBQSc_17sweet_grass_store6memoryNtB9_11MemoryStoreNtNtBb_6traits10BraidStore8by_agent00Bb_
FNDA:2,_RNCNCNvXs0_NtCs2vbG1lxBQSc_17sweet_grass_store6memoryNtB9_11MemoryStoreNtNtBb_6traits10BraidStore8by_agent0s_0Bb_
FNDA:0,_RNCNCNvXs1_NtCs2vbG1lxBQSc_17sweet_grass_store6memoryNtB9_11MemoryStoreNtNtBb_6traits10IndexStore7rebuild00Bb_
FNDA:2,_RNCNvMNtCs2vbG1lxBQSc_17sweet_grass_store6memoryNtB4_11MemoryStore3len0B6_
FNDA:1,_RNCNvNtNtCs2vbG1lxBQSc_17sweet_grass_store6memory5testss_10test_clear0B7_
FNDA:1,_RNCNvNtNtCs2vbG1lxBQSc_17sweet_grass_store6memory5testss_11test_by_tag0B7_
FNDA:1,_RNCNvNtNtCs2vbG1lxBQSc_17sweet_grass_store6memory5testss_11test_delete0B7_
FNDA:1,_RNCNvNtNtCs2vbG1lxBQSc_17sweet_grass_store6memory5testss_13test_by_agent0B7_
FNDA:1,_RNCNvNtNtCs2vbG1lxBQSc_17sweet_grass_store6memory5testss_16test_get_by_hash0B7_
FNDA:1,_RNCNvNtNtCs2vbG1lxBQSc_17sweet_grass_store6memory5testss_16test_put_and_get0B7_
FNDA:1,_RNCNvNtNtCs2vbG1lxBQSc_17sweet_grass_store6memory5testss_17test_by_mime_type0B7_
FNDA:1,_RNCNvNtNtCs2vbG1lxBQSc_17sweet_grass_store6memory5testss_18test_index_rebuild0B7_
FNDA:1,_RNCNvNtNtCs2vbG1lxBQSc_17sweet_grass_store6memory5testss_21test_activity_storage0B7_
FNDA:1,_RNCNvNtNtCs2vbG1lxBQSc_17sweet_grass_store6memory5testss_21test_query_pagination0B7_
FNDA:1,_RNCNvNtNtCs2vbG1lxBQSc_17sweet_grass_store6memory5testss_22test_query_with_filter0B7_
FNDA:1,_RNCNvNtNtCs2vbG1lxBQSc_17sweet_grass_store6memory5testss_24test_duplicate_rejection0B7_
FNF:73
FNH:48
DA:51,134
DA:52,134
DA:53,134
DA:54,134
DA:55,134
DA:56,134
DA:57,134
DA:58,134
DA:61,2
DA:62,2
DA:63,2
DA:66,2
DA:67,2
DA:68,2
DA:71,1
DA:72,1
DA:73,1
DA:74,1
DA:75,1
DA:76,1
DA:77,1
DA:78,1
DA:79,1
DA:80,1
DA:81,1
DA:82,1
DA:86,0
DA:87,0
DA:88,0
DA:93,198
DA:94,198
DA:95,198
DA:96,198
DA:97,198
DA:98,198
DA:99,198
DA:100,198
DA:101,198
DA:102,198
DA:103,198
DA:104,198
DA:105,198
DA:106,198
DA:107,198
DA:108,198
DA:109,198
DA:110,198
DA:111,198
DA:112,198
DA:113,198
DA:114,198
DA:115,198
DA:116,198
DA:117,198
DA:118,198
DA:119,198
DA:120,198
DA:122,30
DA:123,30
DA:124,30
DA:125,30
DA:126,30
DA:127,30
DA:128,30
DA:130,69
DA:131,69
DA:132,69
DA:133,69
DA:134,69
DA:135,69
DA:136,69
DA:137,69
DA:138,69
DA:139,69
DA:140,69
DA:141,69
DA:142,69
DA:143,69
DA:145,4
DA:146,4
DA:147,4
DA:148,4
DA:149,4
DA:150,4
DA:151,4
DA:152,4
DA:153,4
DA:154,4
DA:155,4
DA:156,4
DA:157,4
DA:158,4
DA:159,4
DA:160,4
DA:161,4
DA:163,5
DA:164,5
DA:165,5
DA:166,5
DA:167,5
DA:168,5
DA:169,5
DA:171,17
DA:172,17
DA:173,17
DA:174,17
DA:175,17
DA:176,17
DA:177,17
DA:178,17
DA:179,71
DA:180,17
DA:181,17
DA:182,17
DA:183,17
DA:184,17
DA:185,17
DA:186,17
DA:187,17
DA:188,17
DA:189,17
DA:190,17
DA:191,17
DA:193,11
DA:194,11
DA:195,11
DA:196,11
DA:197,11
DA:198,11
DA:199,11
DA:200,11
DA:201,13
DA:202,11
DA:203,11
DA:205,7
DA:206,7
DA:207,7
DA:208,7
DA:209,7
DA:210,7
DA:211,7
DA:212,7
DA:213,7
DA:214,7
DA:215,12
DA:216,7
DA:217,7
DA:219,1
DA:220,1
DA:221,1
DA:222,1
DA:223,1
DA:224,1
DA:225,1
DA:226,1
DA:227,1
DA:228,1
DA:229,1
DA:230,1
DA:231,1
DA:233,1
DA:234,1
DA:235,1
DA:236,1
DA:237,1
DA:238,1
DA:239,1
DA:240,1
DA:241,1
DA:243,1
DA:244,1
DA:245,1
DA:246,1
DA:247,1
DA:248,1
DA:249,1
DA:251,0
DA:252,0
DA:253,0
DA:254,0
DA:255,0
DA:256,0
DA:257,0
DA:258,0
DA:259,0
DA:260,0
DA:261,0
DA:262,0
DA:263,0
DA:264,0
DA:265,0
DA:266,0
DA:267,0
DA:268,0
DA:269,0
DA:274,0
DA:275,0
DA:276,0
DA:278,0
DA:279,0
DA:280,0
DA:281,0
DA:282,0
DA:283,0
DA:284,0
DA:285,0
DA:286,0
DA:287,0
DA:288,0
DA:289,0
DA:290,0
DA:291,0
DA:293,1
DA:294,1
DA:295,1
DA:296,1
DA:298,1
DA:299,1
DA:300,1
DA:301,1
DA:303,0
DA:304,0
DA:305,0
DA:306,0
DA:307,0
DA:308,0
DA:309,0
DA:310,0
DA:311,0
DA:312,0
DA:313,0
DA:314,0
DA:316,1
DA:317,1
DA:318,1
DA:319,1
DA:320,1
DA:321,1
DA:322,1
DA:323,1
DA:324,1
DA:325,1
DA:326,1
DA:327,1
DA:328,1
DA:329,1
DA:330,1
DA:331,1
DA:332,1
DA:333,1
DA:334,1
DA:343,24
DA:344,24
DA:345,24
DA:346,24
DA:347,24
DA:348,24
DA:349,24
DA:350,24
DA:351,24
DA:352,24
DA:355,1
DA:356,1
DA:357,1
DA:358,1
DA:359,1
DA:360,1
DA:361,1
DA:362,1
DA:363,1
DA:364,1
DA:367,1
DA:368,1
DA:369,1
DA:370,1
DA:371,1
DA:372,1
DA:373,1
DA:374,1
DA:375,1
DA:376,1
DA:377,1
DA:378,1
DA:381,1
DA:382,1
DA:383,1
DA:384,1
DA:385,1
DA:386,1
DA:387,1
DA:388,1
DA:391,1
DA:392,1
DA:393,1
DA:394,1
DA:395,1
DA:396,1
DA:397,1
DA:398,1
DA:399,1
DA:400,1
DA:401,1
DA:404,1
DA:405,1
DA:406,1
DA:407,1
DA:408,1
DA:409,1
DA:410,1
DA:411,1
DA:412,1
DA:413,1
DA:414,1
DA:415,1
DA:416,1
DA:417,1
DA:418,1
DA:419,1
DA:420,1
DA:421,1
DA:422,1
DA:423,1
DA:424,1
DA:425,1
DA:426,1
DA:429,1
DA:430,1
DA:431,1
DA:432,1
DA:433,1
DA:434,1
DA:435,1
DA:436,1
DA:437,1
DA:438,1
DA:439,1
DA:440,1
DA:441,1
DA:442,1
DA:443,1
DA:444,1
DA:445,1
DA:446,1
DA:447,1
DA:448,1
DA:449,1
DA:450,1
DA:451,1
DA:452,1
DA:453,1
DA:454,1
DA:457,1
DA:458,1
DA:459,1
DA:460,11
DA:461,10
DA:462,10
DA:463,10
DA:464,10
DA:465,10
DA:466,10
DA:467,10
DA:468,1
DA:469,1
DA:470,1
DA:471,1
DA:472,1
DA:473,1
DA:474,1
DA:475,1
DA:476,1
DA:477,1
DA:478,1
DA:479,1
DA:482,1
DA:483,1
DA:484,1
DA:485,1
DA:486,1
DA:487,1
DA:488,1
DA:489,1
DA:490,1
DA:491,1
DA:492,1
DA:493,1
DA:494,1
DA:495,1
DA:498,1
DA:499,1
DA:500,1
DA:501,1
DA:502,1
DA:503,1
DA:504,1
DA:505,1
DA:506,1
DA:507,1
DA:508,1
DA:509,1
DA:512,1
DA:513,1
DA:514,1
DA:515,1
DA:516,1
DA:517,1
DA:518,1
DA:519,1
DA:520,1
DA:521,1
DA:522,1
DA:523,1
DA:524,1
DA:525,1
DA:526,1
DA:527,1
DA:528,1
DA:529,1
DA:530,1
DA:531,1
DA:534,1
DA:535,1
DA:536,1
DA:537,1
DA:538,1
DA:539,1
DA:540,1
DA:541,1
DA:542,1
DA:543,1
DA:544,1
DA:547,1
DA:548,1
DA:549,1
DA:550,1
DA:551,1
DA:552,1
DA:553,1
DA:554,1
DA:555,1
DA:556,1
DA:557,1
DA:558,1
BRF:0
BRH:0
LF:622
LH:551
end_of_record
SF:/home/strandgate/Development/ecoPrimals/phase2/sweetGrass/crates/sweet-grass-store/src/traits.rs
FN:67,_RNvMNtCs2FFtPGuLFca_17sweet_grass_store6traitsNtB2_11QueryFilter10with_agent
FN:103,_RNvMNtCs2FFtPGuLFca_17sweet_grass_store6traitsNtB2_11QueryFilter10with_limit
FN:110,_RNvMNtCs2FFtPGuLFca_17sweet_grass_store6traitsNtB2_11QueryFilter11with_offset
FN:81,_RNvMNtCs2FFtPGuLFca_17sweet_grass_store6traitsNtB2_11QueryFilter15with_time_range
FN:54,_RNvMNtCs2FFtPGuLFca_17sweet_grass_store6traitsNtB2_11QueryFilter3new
FN:74,_RNvMNtCs2FFtPGuLFca_17sweet_grass_store6traitsNtB2_11QueryFilter9with_type
FN:149,_RNvMs_NtCs2FFtPGuLFca_17sweet_grass_store6traitsNtB4_11QueryResult3new
FN:159,_RNvMs_NtCs2FFtPGuLFca_17sweet_grass_store6traitsNtB4_11QueryResult5empty
FN:89,_RINvMNtCs2FFtPGuLFca_17sweet_grass_store6traitsNtB3_11QueryFilter14with_mime_typepEB5_
FN:96,_RINvMNtCs2FFtPGuLFca_17sweet_grass_store6traitsNtB3_11QueryFilter8with_tagpEB5_
FN:60,_RINvMNtCs2FFtPGuLFca_17sweet_grass_store6traitsNtB3_11QueryFilter9with_hashpEB5_
FN:96,_RINvMNtCs2FFtPGuLFca_17sweet_grass_store6traitsNtB3_11QueryFilter8with_tagReECscy77UfsAwxJ_11integration
FN:89,_RINvMNtCs2FFtPGuLFca_17sweet_grass_store6traitsNtB3_11QueryFilter14with_mime_typeReECsad6wFluTeQR_11integration
FN:89,_RINvMNtCs2FFtPGuLFca_17sweet_grass_store6traitsNtB3_11QueryFilter14with_mime_typeNtNtCs6bBekJvxEMJ_5alloc6string6StringECsdjAd9q7fPo9_19sweet_grass_service
FN:89,_RINvMNtCs2FFtPGuLFca_17sweet_grass_store6traitsNtB3_11QueryFilter14with_mime_typeNtNtCs6bBekJvxEMJ_5alloc6string6StringECsZK8v8cnrxE_19sweet_grass_service
FN:60,_RINvMNtCs2FFtPGuLFca_17sweet_grass_store6traitsNtB3_11QueryFilter9with_hashNtNtCs6bBekJvxEMJ_5alloc6string6StringECsZK8v8cnrxE_19sweet_grass_service
FN:96,_RINvMNtCs2vbG1lxBQSc_17sweet_grass_store6traitsNtB3_11QueryFilter8with_tagpEB5_
FN:236,_RNvNtNtCs2vbG1lxBQSc_17sweet_grass_store6traits5testss_21test_query_filter_new
FN:321,_RNvNtNtCs2vbG1lxBQSc_17sweet_grass_store6traits5testss_21test_query_result_new
FN:329,_RNvNtNtCs2vbG1lxBQSc_17sweet_grass_store6traits5testss_23test_query_result_empty
FN:306,_RNvNtNtCs2vbG1lxBQSc_17sweet_grass_store6traits5testss_24test_query_order_default
FN:292,_RNvNtNtCs2vbG1lxBQSc_17sweet_grass_store6traits5testss_25test_query_filter_chained
FN:312,_RNvNtNtCs2vbG1lxBQSc_17sweet_grass_store6traits5testss_25test_query_order_variants
FN:245,_RNvNtNtCs2vbG1lxBQSc_17sweet_grass_store6traits5testss_27test_query_filter_with_hash
FN:260,_RNvNtNtCs2vbG1lxBQSc_17sweet_grass_store6traits5testss_27test_query_filter_with_type
FN:252,_RNvNtNtCs2vbG1lxBQSc_17sweet_grass_store6traits5testss_28test_query_filter_with_agent
FN:280,_RNvNtNtCs2vbG1lxBQSc_17sweet_grass_store6traits5testss_28test_query_filter_with_limit
FN:286,_RNvNtNtCs2vbG1lxBQSc_17sweet_grass_store6traits5testss_29test_query_filter_with_offset
FN:348,_RNvNtNtCs2vbG1lxBQSc_17sweet_grass_store6traits5testss_30test_query_order_serialization
FN:337,_RNvNtNtCs2vbG1lxBQSc_17sweet_grass_store6traits5testss_31test_query_filter_serialization
FN:274,_RNvNtNtCs2vbG1lxBQSc_17sweet_grass_store6traits5testss_32test_query_filter_with_mime_type
FN:267,_RNvNtNtCs2vbG1lxBQSc_17sweet_grass_store6traits5testss_33test_query_filter_with_time_range
FN:67,_RNvMNtCs2vbG1lxBQSc_17sweet_grass_store6traitsNtB2_11QueryFilter10with_agent
FN:103,_RNvMNtCs2vbG1lxBQSc_17sweet_grass_store6traitsNtB2_11QueryFilter10with_limit
FN:110,_RNvMNtCs2vbG1lxBQSc_17sweet_grass_store6traitsNtB2_11QueryFilter11with_offset
FN:81,_RNvMNtCs2vbG1lxBQSc_17sweet_grass_store6traitsNtB2_11QueryFilter15with_time_range
FN:54,_RNvMNtCs2vbG1lxBQSc_17sweet_grass_store6traitsNtB2_11QueryFilter3new
FN:74,_RNvMNtCs2vbG1lxBQSc_17sweet_grass_store6traitsNtB2_11QueryFilter9with_type
FN:149,_RNvMs_NtCs2vbG1lxBQSc_17sweet_grass_store6traitsNtB4_11QueryResult3new
FN:159,_RNvMs_NtCs2vbG1lxBQSc_17sweet_grass_store6traitsNtB4_11QueryResult5empty
FN:89,_RINvMNtCs2vbG1lxBQSc_17sweet_grass_store6traitsNtB3_11QueryFilter14with_mime_typeNtNtCs6bBekJvxEMJ_5alloc6string6StringEB5_
FN:89,_RINvMNtCs2vbG1lxBQSc_17sweet_grass_store6traitsNtB3_11QueryFilter14with_mime_typeReEB5_
FN:60,_RINvMNtCs2vbG1lxBQSc_17sweet_grass_store6traitsNtB3_11QueryFilter9with_hashNtNtCs6bBekJvxEMJ_5alloc6string6StringEB5_
FN:60,_RINvMNtCs2vbG1lxBQSc_17sweet_grass_store6traitsNtB3_11QueryFilter9with_hashReEB5_
FN:89,_RINvMNtCs2FFtPGuLFca_17sweet_grass_store6traitsNtB3_11QueryFilter14with_mime_typeReECsxcqoHi7A0v_22sweet_grass_store_sled
FNDA:2,_RNvMNtCs2FFtPGuLFca_17sweet_grass_store6traitsNtB2_11QueryFilter10with_agent
FNDA:7,_RNvMNtCs2FFtPGuLFca_17sweet_grass_store6traitsNtB2_11QueryFilter10with_limit
FNDA:2,_RNvMNtCs2FFtPGuLFca_17sweet_grass_store6traitsNtB2_11QueryFilter11with_offset
FNDA:0,_RNvMNtCs2FFtPGuLFca_17sweet_grass_store6traitsNtB2_11QueryFilter15with_time_range
FNDA:26,_RNvMNtCs2FFtPGuLFca_17sweet_grass_store6traitsNtB2_11QueryFilter3new
FNDA:1,_RNvMNtCs2FFtPGuLFca_17sweet_grass_store6traitsNtB2_11QueryFilter9with_type
FNDA:28,_RNvMs_NtCs2FFtPGuLFca_17sweet_grass_store6traitsNtB4_11QueryResult3new
FNDA:0,_RNvMs_NtCs2FFtPGuLFca_17sweet_grass_store6traitsNtB4_11QueryResult5empty
FNDA:0,_RINvMNtCs2FFtPGuLFca_17sweet_grass_store6traitsNtB3_11QueryFilter14with_mime_typepEB5_
FNDA:0,_RINvMNtCs2FFtPGuLFca_17sweet_grass_store6traitsNtB3_11QueryFilter8with_tagpEB5_
FNDA:0,_RINvMNtCs2FFtPGuLFca_17sweet_grass_store6traitsNtB3_11QueryFilter9with_hashpEB5_
FNDA:0,_RINvMNtCs2FFtPGuLFca_17sweet_grass_store6traitsNtB3_11QueryFilter8with_tagReECscy77UfsAwxJ_11integration
FNDA:1,_RINvMNtCs2FFtPGuLFca_17sweet_grass_store6traitsNtB3_11QueryFilter14with_mime_typeReECsad6wFluTeQR_11integration
FNDA:0,_RINvMNtCs2FFtPGuLFca_17sweet_grass_store6traitsNtB3_11QueryFilter14with_mime_typeNtNtCs6bBekJvxEMJ_5alloc6string6StringECsdjAd9q7fPo9_19sweet_grass_service
FNDA:1,_RINvMNtCs2FFtPGuLFca_17sweet_grass_store6traitsNtB3_11QueryFilter14with_mime_typeNtNtCs6bBekJvxEMJ_5alloc6string6StringECsZK8v8cnrxE_19sweet_grass_service
FNDA:1,_RINvMNtCs2FFtPGuLFca_17sweet_grass_store6traitsNtB3_11QueryFilter9with_hashNtNtCs6bBekJvxEMJ_5alloc6string6StringECsZK8v8cnrxE_19sweet_grass_service
FNDA:0,_RINvMNtCs2vbG1lxBQSc_17sweet_grass_store6traitsNtB3_11QueryFilter8with_tagpEB5_
FNDA:1,_RNvNtNtCs2vbG1lxBQSc_17sweet_grass_store6traits5testss_21test_query_filter_new
FNDA:1,_RNvNtNtCs2vbG1lxBQSc_17sweet_grass_store6traits5testss_21test_query_result_new
FNDA:1,_RNvNtNtCs2vbG1lxBQSc_17sweet_grass_store6traits5testss_23test_query_result_empty
FNDA:1,_RNvNtNtCs2vbG1lxBQSc_17sweet_grass_store6traits5testss_24test_query_order_default
FNDA:1,_RNvNtNtCs2vbG1lxBQSc_17sweet_grass_store6traits5testss_25test_query_filter_chained
FNDA:1,_RNvNtNtCs2vbG1lxBQSc_17sweet_grass_store6traits5testss_25test_query_order_variants
FNDA:1,_RNvNtNtCs2vbG1lxBQSc_17sweet_grass_store6traits5testss_27test_query_filter_with_hash
FNDA:1,_RNvNtNtCs2vbG1lxBQSc_17sweet_grass_store6traits5testss_27test_query_filter_with_type
FNDA:1,_RNvNtNtCs2vbG1lxBQSc_17sweet_grass_store6traits5testss_28test_query_filter_with_agent
FNDA:1,_RNvNtNtCs2vbG1lxBQSc_17sweet_grass_store6traits5testss_28test_query_filter_with_limit
FNDA:1,_RNvNtNtCs2vbG1lxBQSc_17sweet_grass_store6traits5testss_29test_query_filter_with_offset
FNDA:1,_RNvNtNtCs2vbG1lxBQSc_17sweet_grass_store6traits5testss_30test_query_order_serialization
FNDA:1,_RNvNtNtCs2vbG1lxBQSc_17sweet_grass_store6traits5testss_31test_query_filter_serialization
FNDA:1,_RNvNtNtCs2vbG1lxBQSc_17sweet_grass_store6traits5testss_32test_query_filter_with_mime_type
FNDA:1,_RNvNtNtCs2vbG1lxBQSc_17sweet_grass_store6traits5testss_33test_query_filter_with_time_range
FNDA:4,_RNvMNtCs2vbG1lxBQSc_17sweet_grass_store6traitsNtB2_11QueryFilter10with_agent
FNDA:6,_RNvMNtCs2vbG1lxBQSc_17sweet_grass_store6traitsNtB2_11QueryFilter10with_limit
FNDA:5,_RNvMNtCs2vbG1lxBQSc_17sweet_grass_store6traitsNtB2_11QueryFilter11with_offset
FNDA:1,_RNvMNtCs2vbG1lxBQSc_17sweet_grass_store6traitsNtB2_11QueryFilter15with_time_range
FNDA:21,_RNvMNtCs2vbG1lxBQSc_17sweet_grass_store6traitsNtB2_11QueryFilter3new
FNDA:2,_RNvMNtCs2vbG1lxBQSc_17sweet_grass_store6traitsNtB2_11QueryFilter9with_type
FNDA:3,_RNvMs_NtCs2vbG1lxBQSc_17sweet_grass_store6traitsNtB4_11QueryResult3new
FNDA:1,_RNvMs_NtCs2vbG1lxBQSc_17sweet_grass_store6traitsNtB4_11QueryResult5empty
FNDA:2,_RINvMNtCs2vbG1lxBQSc_17sweet_grass_store6traitsNtB3_11QueryFilter14with_mime_typeNtNtCs6bBekJvxEMJ_5alloc6string6StringEB5_
FNDA:1,_RINvMNtCs2vbG1lxBQSc_17sweet_grass_store6traitsNtB3_11QueryFilter14with_mime_typeReEB5_
FNDA:2,_RINvMNtCs2vbG1lxBQSc_17sweet_grass_store6traitsNtB3_11QueryFilter9with_hashNtNtCs6bBekJvxEMJ_5alloc6string6StringEB5_
FNDA:3,_RINvMNtCs2vbG1lxBQSc_17sweet_grass_store6traitsNtB3_11QueryFilter9with_hashReEB5_
FNDA:1,_RINvMNtCs2FFtPGuLFca_17sweet_grass_store6traitsNtB3_11QueryFilter14with_mime_typeReECsxcqoHi7A0v_22sweet_grass_store_sled
FNF:26
FNH:25
DA:54,47
DA:55,47
DA:56,47
DA:60,6
DA:61,6
DA:62,6
DA:63,6
DA:67,6
DA:68,6
DA:69,6
DA:70,6
DA:74,3
DA:75,3
DA:76,3
DA:77,3
DA:81,1
DA:82,1
DA:83,1
DA:84,1
DA:85,1
DA:89,6
DA:90,6
DA:91,6
DA:92,6
DA:96,0
DA:97,0
DA:98,0
DA:99,0
DA:103,13
DA:104,13
DA:105,13
DA:106,13
DA:110,7
DA:111,7
DA:112,7
DA:113,7
DA:149,31
DA:150,31
DA:151,31
DA:152,31
DA:153,31
DA:154,31
DA:155,31
DA:159,1
DA:160,1
DA:161,1
DA:162,1
DA:163,1
DA:164,1
DA:165,1
DA:236,1
DA:237,1
DA:238,1
DA:239,1
DA:240,1
DA:241,1
DA:242,1
DA:245,1
DA:246,1
DA:247,1
DA:248,1
DA:249,1
DA:252,1
DA:253,1
DA:254,1
DA:255,1
DA:256,1
DA:257,1
DA:260,1
DA:261,1
DA:262,1
DA:263,1
DA:264,1
DA:267,1
DA:268,1
DA:269,1
DA:270,1
DA:271,1
DA:274,1
DA:275,1
DA:276,1
DA:277,1
DA:280,1
DA:281,1
DA:282,1
DA:283,1
DA:286,1
DA:287,1
DA:288,1
DA:289,1
DA:292,1
DA:293,1
DA:294,1
DA:295,1
DA:296,1
DA:297,1
DA:298,1
DA:299,1
DA:300,1
DA:301,1
DA:302,1
DA:303,1
DA:306,1
DA:307,1
DA:308,1
DA:309,1
DA:312,1
DA:313,1
DA:314,1
DA:315,1
DA:316,1
DA:317,1
DA:318,1
DA:321,1
DA:322,1
DA:323,1
DA:324,1
DA:325,1
DA:326,1
DA:329,1
DA:330,1
DA:331,1
DA:332,1
DA:333,1
DA:334,1
DA:337,1
DA:338,1
DA:339,1
DA:340,1
DA:341,1
DA:342,1
DA:343,1
DA:344,1
DA:345,1
DA:348,1
DA:349,1
DA:350,1
DA:351,1
DA:352,1
DA:353,1
BRF:0
BRH:0
LF:140
LH:136
end_of_record